{"C:\\Users\\Gebruiker\\Documents\\github\\api\\routes\\middleware\\auth\\auth.js":{"path":"C:\\Users\\Gebruiker\\Documents\\github\\api\\routes\\middleware\\auth\\auth.js","statementMap":{"0":{"start":{"line":1,"column":0},"end":{"line":1,"column":27}}},"fnMap":{},"branchMap":{},"s":{"0":1},"f":{},"b":{},"_coverageSchema":"1a1c01bbd47fc00a2c39e90264f33305004495a9","hash":"a45c0222918c0b9aeb4a8c1a062f4a18e29e8769","contentHash":"5202aef8645596e9839fab10c96bb9d1fa5f611e3f3f36368d63a4a50006e5fe"},"C:\\Users\\Gebruiker\\Documents\\github\\api\\routes\\middleware\\auth\\loginStrategy.js":{"path":"C:\\Users\\Gebruiker\\Documents\\github\\api\\routes\\middleware\\auth\\loginStrategy.js","statementMap":{"0":{"start":{"line":1,"column":17},"end":{"line":1,"column":36}},"1":{"start":{"line":2,"column":22},"end":{"line":2,"column":56}},"2":{"start":{"line":3,"column":18},"end":{"line":3,"column":54}},"3":{"start":{"line":4,"column":20},"end":{"line":4,"column":52}},"4":{"start":{"line":5,"column":19},"end":{"line":5,"column":53}},"5":{"start":{"line":6,"column":15},"end":{"line":6,"column":48}},"6":{"start":{"line":8,"column":0},"end":{"line":34,"column":2}},"7":{"start":{"line":15,"column":12},"end":{"line":31,"column":13}},"8":{"start":{"line":16,"column":29},"end":{"line":16,"column":83}},"9":{"start":{"line":18,"column":16},"end":{"line":20,"column":17}},"10":{"start":{"line":19,"column":20},"end":{"line":19,"column":76}},"11":{"start":{"line":22,"column":33},"end":{"line":22,"column":69}},"12":{"start":{"line":24,"column":16},"end":{"line":26,"column":17}},"13":{"start":{"line":25,"column":20},"end":{"line":25,"column":76}},"14":{"start":{"line":28,"column":16},"end":{"line":28,"column":79}},"15":{"start":{"line":30,"column":16},"end":{"line":30,"column":35}},"16":{"start":{"line":36,"column":0},"end":{"line":52,"column":2}},"17":{"start":{"line":45,"column":12},"end":{"line":49,"column":13}},"18":{"start":{"line":46,"column":16},"end":{"line":46,"column":46}},"19":{"start":{"line":48,"column":16},"end":{"line":48,"column":28}}},"fnMap":{"0":{"name":"(anonymous_0)","decl":{"start":{"line":14,"column":8},"end":{"line":14,"column":9}},"loc":{"start":{"line":14,"column":40},"end":{"line":32,"column":9}},"line":14},"1":{"name":"(anonymous_1)","decl":{"start":{"line":44,"column":8},"end":{"line":44,"column":9}},"loc":{"start":{"line":44,"column":30},"end":{"line":50,"column":9}},"line":44}},"branchMap":{"0":{"loc":{"start":{"line":18,"column":16},"end":{"line":20,"column":17}},"type":"if","locations":[{"start":{"line":18,"column":16},"end":{"line":20,"column":17}},{"start":{"line":18,"column":16},"end":{"line":20,"column":17}}],"line":18},"1":{"loc":{"start":{"line":24,"column":16},"end":{"line":26,"column":17}},"type":"if","locations":[{"start":{"line":24,"column":16},"end":{"line":26,"column":17}},{"start":{"line":24,"column":16},"end":{"line":26,"column":17}}],"line":24}},"s":{"0":1,"1":1,"2":1,"3":1,"4":1,"5":1,"6":1,"7":68,"8":68,"9":68,"10":2,"11":66,"12":66,"13":1,"14":65,"15":0,"16":1,"17":51,"18":51,"19":0},"f":{"0":68,"1":51},"b":{"0":[2,66],"1":[1,65]},"_coverageSchema":"1a1c01bbd47fc00a2c39e90264f33305004495a9","hash":"c6c6b7176e192dff9975a6b75ed75e7fd0c1a054","contentHash":"1fd5479f328b067ed3770b76cb6cc8c465650ca4c205cf7f6ba0696a5d4d2606"},"C:\\Users\\Gebruiker\\Documents\\github\\api\\models\\userModel.js":{"path":"C:\\Users\\Gebruiker\\Documents\\github\\api\\models\\userModel.js","statementMap":{"0":{"start":{"line":1,"column":17},"end":{"line":1,"column":48}},"1":{"start":{"line":2,"column":15},"end":{"line":2,"column":32}},"2":{"start":{"line":3,"column":18},"end":{"line":3,"column":50}},"3":{"start":{"line":4,"column":27},"end":{"line":4,"column":76}},"4":{"start":{"line":5,"column":24},"end":{"line":5,"column":66}},"5":{"start":{"line":7,"column":15},"end":{"line":7,"column":30}},"6":{"start":{"line":9,"column":19},"end":{"line":63,"column":2}},"7":{"start":{"line":65,"column":0},"end":{"line":74,"column":2}},"8":{"start":{"line":68,"column":8},"end":{"line":68,"column":56}},"9":{"start":{"line":68,"column":42},"end":{"line":68,"column":56}},"10":{"start":{"line":69,"column":21},"end":{"line":69,"column":57}},"11":{"start":{"line":71,"column":8},"end":{"line":71,"column":29}},"12":{"start":{"line":72,"column":8},"end":{"line":72,"column":15}},"13":{"start":{"line":76,"column":0},"end":{"line":80,"column":1}},"14":{"start":{"line":77,"column":20},"end":{"line":77,"column":65}},"15":{"start":{"line":79,"column":4},"end":{"line":79,"column":19}},"16":{"start":{"line":82,"column":0},"end":{"line":85,"column":4}},"17":{"start":{"line":83,"column":15},"end":{"line":83,"column":51}},"18":{"start":{"line":84,"column":4},"end":{"line":84,"column":16}},"19":{"start":{"line":89,"column":4},"end":{"line":89,"column":30}},"20":{"start":{"line":89,"column":23},"end":{"line":89,"column":30}},"21":{"start":{"line":90,"column":22},"end":{"line":90,"column":87}},"22":{"start":{"line":91,"column":26},"end":{"line":91,"column":60}},"23":{"start":{"line":91,"column":43},"end":{"line":91,"column":59}},"24":{"start":{"line":92,"column":4},"end":{"line":92,"column":51}},"25":{"start":{"line":95,"column":0},"end":{"line":95,"column":40}},"26":{"start":{"line":96,"column":0},"end":{"line":96,"column":43}},"27":{"start":{"line":97,"column":0},"end":{"line":97,"column":38}},"28":{"start":{"line":99,"column":18},"end":{"line":99,"column":52}},"29":{"start":{"line":101,"column":0},"end":{"line":101,"column":27}}},"fnMap":{"0":{"name":"(anonymous_0)","decl":{"start":{"line":67,"column":4},"end":{"line":67,"column":5}},"loc":{"start":{"line":67,"column":25},"end":{"line":73,"column":5}},"line":67},"1":{"name":"(anonymous_1)","decl":{"start":{"line":76,"column":37},"end":{"line":76,"column":38}},"loc":{"start":{"line":76,"column":62},"end":{"line":80,"column":1}},"line":76},"2":{"name":"(anonymous_2)","decl":{"start":{"line":82,"column":35},"end":{"line":82,"column":36}},"loc":{"start":{"line":82,"column":46},"end":{"line":85,"column":2}},"line":82},"3":{"name":"handleChange","decl":{"start":{"line":88,"column":15},"end":{"line":88,"column":27}},"loc":{"start":{"line":88,"column":30},"end":{"line":93,"column":1}},"line":88},"4":{"name":"(anonymous_4)","decl":{"start":{"line":91,"column":38},"end":{"line":91,"column":39}},"loc":{"start":{"line":91,"column":43},"end":{"line":91,"column":59}},"line":91}},"branchMap":{"0":{"loc":{"start":{"line":68,"column":8},"end":{"line":68,"column":56}},"type":"if","locations":[{"start":{"line":68,"column":8},"end":{"line":68,"column":56}},{"start":{"line":68,"column":8},"end":{"line":68,"column":56}}],"line":68},"1":{"loc":{"start":{"line":89,"column":4},"end":{"line":89,"column":30}},"type":"if","locations":[{"start":{"line":89,"column":4},"end":{"line":89,"column":30}},{"start":{"line":89,"column":4},"end":{"line":89,"column":30}}],"line":89}},"s":{"0":1,"1":1,"2":1,"3":1,"4":1,"5":1,"6":1,"7":1,"8":12,"9":5,"10":7,"11":7,"12":7,"13":1,"14":66,"15":66,"16":1,"17":121,"18":121,"19":10,"20":9,"21":1,"22":1,"23":0,"24":1,"25":1,"26":1,"27":1,"28":1,"29":1},"f":{"0":12,"1":66,"2":121,"3":10,"4":0},"b":{"0":[5,7],"1":[9,1]},"_coverageSchema":"1a1c01bbd47fc00a2c39e90264f33305004495a9","hash":"baac14df9007545a9fe1e05b1bb1ec2dac22f96c","contentHash":"9b31355b010fcf4fea7c7d3d2fd08d5b7e6d47936b0a9b20b51fc8e808d5bd2b"},"C:\\Users\\Gebruiker\\Documents\\github\\api\\database\\database.js":{"path":"C:\\Users\\Gebruiker\\Documents\\github\\api\\database\\database.js","statementMap":{"0":{"start":{"line":1,"column":17},"end":{"line":1,"column":36}},"1":{"start":{"line":2,"column":15},"end":{"line":2,"column":42}},"2":{"start":{"line":4,"column":0},"end":{"line":7,"column":3}},"3":{"start":{"line":8,"column":0},"end":{"line":8,"column":37}},"4":{"start":{"line":10,"column":0},"end":{"line":10,"column":26}}},"fnMap":{},"branchMap":{},"s":{"0":1,"1":1,"2":1,"3":1,"4":1},"f":{},"b":{},"_coverageSchema":"1a1c01bbd47fc00a2c39e90264f33305004495a9","hash":"15e54c99275d277d9afb869275353e3f9832a60c","contentHash":"9e4cf491eacaf8e816a04a805562f438196836697932df7326c4b21fa2b51630"},"C:\\Users\\Gebruiker\\Documents\\github\\api\\config\\config.js":{"path":"C:\\Users\\Gebruiker\\Documents\\github\\api\\config\\config.js","statementMap":{"0":{"start":{"line":1,"column":23},"end":{"line":1,"column":48}},"1":{"start":{"line":2,"column":23},"end":{"line":2,"column":54}},"2":{"start":{"line":4,"column":0},"end":{"line":6,"column":3}},"3":{"start":{"line":8,"column":0},"end":{"line":15,"column":1}}},"fnMap":{},"branchMap":{"0":{"loc":{"start":{"line":9,"column":10},"end":{"line":9,"column":34}},"type":"binary-expr","locations":[{"start":{"line":9,"column":10},"end":{"line":9,"column":26}},{"start":{"line":9,"column":30},"end":{"line":9,"column":34}}],"line":9},"1":{"loc":{"start":{"line":10,"column":13},"end":{"line":10,"column":60}},"type":"binary-expr","locations":[{"start":{"line":10,"column":13},"end":{"line":10,"column":32}},{"start":{"line":10,"column":36},"end":{"line":10,"column":60}}],"line":10},"2":{"loc":{"start":{"line":11,"column":19},"end":{"line":11,"column":59}},"type":"binary-expr","locations":[{"start":{"line":11,"column":19},"end":{"line":11,"column":44}},{"start":{"line":11,"column":48},"end":{"line":11,"column":59}}],"line":11},"3":{"loc":{"start":{"line":12,"column":16},"end":{"line":12,"column":47}},"type":"binary-expr","locations":[{"start":{"line":12,"column":16},"end":{"line":12,"column":38}},{"start":{"line":12,"column":42},"end":{"line":12,"column":47}}],"line":12},"4":{"loc":{"start":{"line":13,"column":20},"end":{"line":13,"column":69}},"type":"binary-expr","locations":[{"start":{"line":13,"column":20},"end":{"line":13,"column":46}},{"start":{"line":13,"column":50},"end":{"line":13,"column":69}}],"line":13}},"s":{"0":1,"1":1,"2":1,"3":1},"f":{},"b":{"0":[1,1],"1":[1,1],"2":[1,1],"3":[1,1],"4":[1,1]},"_coverageSchema":"1a1c01bbd47fc00a2c39e90264f33305004495a9","hash":"5dbf75e9690b2822a2f789dd064d24432247ea66","contentHash":"2c332ee9a0f3faaf4acd64ef9cb2edfcabde8b298c30c24927e3d463580fe1b7"},"C:\\Users\\Gebruiker\\Documents\\github\\api\\models\\roleModel.js":{"path":"C:\\Users\\Gebruiker\\Documents\\github\\api\\models\\roleModel.js","statementMap":{"0":{"start":{"line":1,"column":17},"end":{"line":1,"column":36}},"1":{"start":{"line":3,"column":15},"end":{"line":3,"column":30}},"2":{"start":{"line":5,"column":19},"end":{"line":10,"column":2}},"3":{"start":{"line":12,"column":18},"end":{"line":12,"column":52}},"4":{"start":{"line":14,"column":0},"end":{"line":23,"column":1}}},"fnMap":{},"branchMap":{},"s":{"0":1,"1":1,"2":1,"3":1,"4":1},"f":{},"b":{},"_coverageSchema":"1a1c01bbd47fc00a2c39e90264f33305004495a9","hash":"b53d6629299daf658fd52cb64b0eb6dc85a67795","contentHash":"f081c92b395d38eab169c5b84622c12fb1a8cc35da1cde43fff0592819790102"},"C:\\Users\\Gebruiker\\Documents\\github\\api\\models\\notificationModel.js":{"path":"C:\\Users\\Gebruiker\\Documents\\github\\api\\models\\notificationModel.js","statementMap":{"0":{"start":{"line":1,"column":17},"end":{"line":1,"column":36}},"1":{"start":{"line":3,"column":15},"end":{"line":3,"column":30}},"2":{"start":{"line":5,"column":27},"end":{"line":21,"column":2}},"3":{"start":{"line":23,"column":0},"end":{"line":23,"column":38}}},"fnMap":{},"branchMap":{},"s":{"0":1,"1":1,"2":1,"3":1},"f":{},"b":{},"_coverageSchema":"1a1c01bbd47fc00a2c39e90264f33305004495a9","hash":"967ff33a8ed48a81d8113998e850998237f91e4d","contentHash":"cbd5007e49f4907d70f2d5c308ed31482245b381aaf41b016f7585703fe41611"},"C:\\Users\\Gebruiker\\Documents\\github\\api\\controllers\\deviceController.js":{"path":"C:\\Users\\Gebruiker\\Documents\\github\\api\\controllers\\deviceController.js","statementMap":{"0":{"start":{"line":1,"column":27},"end":{"line":1,"column":54}},"1":{"start":{"line":3,"column":0},"end":{"line":25,"column":1}},"2":{"start":{"line":4,"column":33},"end":{"line":7,"column":5}},"3":{"start":{"line":9,"column":20},"end":{"line":14,"column":5}},"4":{"start":{"line":16,"column":4},"end":{"line":24,"column":6}},"5":{"start":{"line":17,"column":8},"end":{"line":23,"column":11}},"6":{"start":{"line":19,"column":12},"end":{"line":19,"column":67}},"7":{"start":{"line":22,"column":12},"end":{"line":22,"column":31}}},"fnMap":{"0":{"name":"(anonymous_0)","decl":{"start":{"line":3,"column":22},"end":{"line":3,"column":23}},"loc":{"start":{"line":3,"column":60},"end":{"line":25,"column":1}},"line":3},"1":{"name":"(anonymous_1)","decl":{"start":{"line":16,"column":26},"end":{"line":16,"column":27}},"loc":{"start":{"line":16,"column":42},"end":{"line":24,"column":5}},"line":16},"2":{"name":"(anonymous_2)","decl":{"start":{"line":18,"column":14},"end":{"line":18,"column":15}},"loc":{"start":{"line":18,"column":26},"end":{"line":20,"column":9}},"line":18},"3":{"name":"(anonymous_3)","decl":{"start":{"line":21,"column":15},"end":{"line":21,"column":16}},"loc":{"start":{"line":21,"column":24},"end":{"line":23,"column":9}},"line":21}},"branchMap":{},"s":{"0":1,"1":1,"2":1,"3":1,"4":1,"5":0,"6":0,"7":0},"f":{"0":1,"1":0,"2":0,"3":0},"b":{},"_coverageSchema":"1a1c01bbd47fc00a2c39e90264f33305004495a9","hash":"4ed62ad5e18b4b807827d19205b96a0a58e22ec4","contentHash":"0a1988a1014c24264df2f107ef82736cc2f5fc00717448b8f79777f114f9e7e6"},"C:\\Users\\Gebruiker\\Documents\\github\\api\\routes\\users\\users.js":{"path":"C:\\Users\\Gebruiker\\Documents\\github\\api\\routes\\users\\users.js","statementMap":{"0":{"start":{"line":1,"column":16},"end":{"line":1,"column":34}},"1":{"start":{"line":2,"column":15},"end":{"line":2,"column":31}},"2":{"start":{"line":3,"column":17},"end":{"line":3,"column":36}},"3":{"start":{"line":4,"column":12},"end":{"line":4,"column":35}},"4":{"start":{"line":5,"column":15},"end":{"line":5,"column":45}},"5":{"start":{"line":6,"column":13},"end":{"line":6,"column":42}},"6":{"start":{"line":7,"column":18},"end":{"line":7,"column":51}},"7":{"start":{"line":8,"column":24},"end":{"line":8,"column":63}},"8":{"start":{"line":11,"column":4},"end":{"line":28,"column":6}},"9":{"start":{"line":12,"column":44},"end":{"line":12,"column":89}},"10":{"start":{"line":13,"column":23},"end":{"line":13,"column":93}},"11":{"start":{"line":13,"column":50},"end":{"line":13,"column":92}},"12":{"start":{"line":15,"column":8},"end":{"line":27,"column":9}},"13":{"start":{"line":16,"column":33},"end":{"line":19,"column":14}},"14":{"start":{"line":21,"column":12},"end":{"line":21,"column":38}},"15":{"start":{"line":22,"column":12},"end":{"line":22,"column":44}},"16":{"start":{"line":23,"column":12},"end":{"line":23,"column":30}},"17":{"start":{"line":24,"column":12},"end":{"line":24,"column":22}},"18":{"start":{"line":26,"column":12},"end":{"line":26,"column":22}},"19":{"start":{"line":31,"column":0},"end":{"line":70,"column":2}},"20":{"start":{"line":34,"column":8},"end":{"line":68,"column":26}},"21":{"start":{"line":37,"column":16},"end":{"line":66,"column":17}},"22":{"start":{"line":38,"column":20},"end":{"line":38,"column":89}},"23":{"start":{"line":38,"column":29},"end":{"line":38,"column":89}},"24":{"start":{"line":39,"column":20},"end":{"line":39,"column":88}},"25":{"start":{"line":39,"column":31},"end":{"line":39,"column":88}},"26":{"start":{"line":41,"column":20},"end":{"line":63,"column":22}},"27":{"start":{"line":45,"column":28},"end":{"line":45,"column":58}},"28":{"start":{"line":45,"column":39},"end":{"line":45,"column":58}},"29":{"start":{"line":47,"column":28},"end":{"line":47,"column":108}},"30":{"start":{"line":47,"column":57},"end":{"line":47,"column":108}},"31":{"start":{"line":49,"column":45},"end":{"line":49,"column":47}},"32":{"start":{"line":50,"column":28},"end":{"line":55,"column":29}},"33":{"start":{"line":51,"column":50},"end":{"line":51,"column":93}},"34":{"start":{"line":52,"column":32},"end":{"line":54,"column":33}},"35":{"start":{"line":53,"column":36},"end":{"line":53,"column":63}},"36":{"start":{"line":57,"column":41},"end":{"line":57,"column":131}},"37":{"start":{"line":58,"column":42},"end":{"line":58,"column":103}},"38":{"start":{"line":60,"column":28},"end":{"line":60,"column":54}},"39":{"start":{"line":61,"column":28},"end":{"line":61,"column":73}},"40":{"start":{"line":65,"column":20},"end":{"line":65,"column":39}},"41":{"start":{"line":72,"column":0},"end":{"line":80,"column":2}},"42":{"start":{"line":75,"column":21},"end":{"line":75,"column":29}},"43":{"start":{"line":76,"column":21},"end":{"line":76,"column":111}},"44":{"start":{"line":77,"column":22},"end":{"line":77,"column":83}},"45":{"start":{"line":78,"column":8},"end":{"line":78,"column":33}},"46":{"start":{"line":82,"column":0},"end":{"line":93,"column":2}},"47":{"start":{"line":87,"column":8},"end":{"line":91,"column":11}},"48":{"start":{"line":95,"column":0},"end":{"line":123,"column":2}},"49":{"start":{"line":99,"column":20},"end":{"line":99,"column":51}},"50":{"start":{"line":101,"column":8},"end":{"line":121,"column":9}},"51":{"start":{"line":103,"column":12},"end":{"line":107,"column":13}},"52":{"start":{"line":104,"column":16},"end":{"line":106,"column":19}},"53":{"start":{"line":105,"column":20},"end":{"line":105,"column":92}},"54":{"start":{"line":110,"column":12},"end":{"line":114,"column":13}},"55":{"start":{"line":111,"column":16},"end":{"line":113,"column":18}},"56":{"start":{"line":112,"column":20},"end":{"line":112,"column":88}},"57":{"start":{"line":116,"column":12},"end":{"line":116,"column":37}},"58":{"start":{"line":120,"column":12},"end":{"line":120,"column":70}},"59":{"start":{"line":125,"column":0},"end":{"line":134,"column":2}},"60":{"start":{"line":128,"column":21},"end":{"line":128,"column":67}},"61":{"start":{"line":129,"column":8},"end":{"line":131,"column":9}},"62":{"start":{"line":130,"column":12},"end":{"line":130,"column":36}},"63":{"start":{"line":132,"column":8},"end":{"line":132,"column":65}},"64":{"start":{"line":136,"column":0},"end":{"line":146,"column":2}},"65":{"start":{"line":139,"column":21},"end":{"line":139,"column":67}},"66":{"start":{"line":140,"column":8},"end":{"line":143,"column":9}},"67":{"start":{"line":141,"column":12},"end":{"line":141,"column":32}},"68":{"start":{"line":142,"column":12},"end":{"line":142,"column":64}},"69":{"start":{"line":144,"column":8},"end":{"line":144,"column":65}},"70":{"start":{"line":148,"column":0},"end":{"line":148,"column":24}}},"fnMap":{"0":{"name":"addDevice","decl":{"start":{"line":10,"column":15},"end":{"line":10,"column":24}},"loc":{"start":{"line":10,"column":43},"end":{"line":29,"column":1}},"line":10},"1":{"name":"(anonymous_1)","decl":{"start":{"line":11,"column":23},"end":{"line":11,"column":24}},"loc":{"start":{"line":11,"column":50},"end":{"line":28,"column":5}},"line":11},"2":{"name":"(anonymous_2)","decl":{"start":{"line":13,"column":45},"end":{"line":13,"column":46}},"loc":{"start":{"line":13,"column":50},"end":{"line":13,"column":92}},"line":13},"3":{"name":"(anonymous_3)","decl":{"start":{"line":33,"column":4},"end":{"line":33,"column":5}},"loc":{"start":{"line":33,"column":30},"end":{"line":69,"column":5}},"line":33},"4":{"name":"(anonymous_4)","decl":{"start":{"line":36,"column":12},"end":{"line":36,"column":13}},"loc":{"start":{"line":36,"column":33},"end":{"line":67,"column":13}},"line":36},"5":{"name":"(anonymous_5)","decl":{"start":{"line":44,"column":24},"end":{"line":44,"column":25}},"loc":{"start":{"line":44,"column":41},"end":{"line":62,"column":25}},"line":44},"6":{"name":"(anonymous_6)","decl":{"start":{"line":74,"column":4},"end":{"line":74,"column":5}},"loc":{"start":{"line":74,"column":18},"end":{"line":79,"column":5}},"line":74},"7":{"name":"(anonymous_7)","decl":{"start":{"line":86,"column":4},"end":{"line":86,"column":5}},"loc":{"start":{"line":86,"column":18},"end":{"line":92,"column":5}},"line":86},"8":{"name":"(anonymous_8)","decl":{"start":{"line":98,"column":4},"end":{"line":98,"column":5}},"loc":{"start":{"line":98,"column":30},"end":{"line":122,"column":5}},"line":98},"9":{"name":"(anonymous_9)","decl":{"start":{"line":104,"column":37},"end":{"line":104,"column":38}},"loc":{"start":{"line":104,"column":45},"end":{"line":106,"column":17}},"line":104},"10":{"name":"(anonymous_10)","decl":{"start":{"line":111,"column":37},"end":{"line":111,"column":38}},"loc":{"start":{"line":111,"column":45},"end":{"line":113,"column":17}},"line":111},"11":{"name":"(anonymous_11)","decl":{"start":{"line":126,"column":4},"end":{"line":126,"column":5}},"loc":{"start":{"line":126,"column":30},"end":{"line":133,"column":5}},"line":126},"12":{"name":"(anonymous_12)","decl":{"start":{"line":137,"column":4},"end":{"line":137,"column":5}},"loc":{"start":{"line":137,"column":30},"end":{"line":145,"column":5}},"line":137}},"branchMap":{"0":{"loc":{"start":{"line":15,"column":8},"end":{"line":27,"column":9}},"type":"if","locations":[{"start":{"line":15,"column":8},"end":{"line":27,"column":9}},{"start":{"line":15,"column":8},"end":{"line":27,"column":9}}],"line":15},"1":{"loc":{"start":{"line":38,"column":20},"end":{"line":38,"column":89}},"type":"if","locations":[{"start":{"line":38,"column":20},"end":{"line":38,"column":89}},{"start":{"line":38,"column":20},"end":{"line":38,"column":89}}],"line":38},"2":{"loc":{"start":{"line":39,"column":20},"end":{"line":39,"column":88}},"type":"if","locations":[{"start":{"line":39,"column":20},"end":{"line":39,"column":88}},{"start":{"line":39,"column":20},"end":{"line":39,"column":88}}],"line":39},"3":{"loc":{"start":{"line":45,"column":28},"end":{"line":45,"column":58}},"type":"if","locations":[{"start":{"line":45,"column":28},"end":{"line":45,"column":58}},{"start":{"line":45,"column":28},"end":{"line":45,"column":58}}],"line":45},"4":{"loc":{"start":{"line":47,"column":28},"end":{"line":47,"column":108}},"type":"if","locations":[{"start":{"line":47,"column":28},"end":{"line":47,"column":108}},{"start":{"line":47,"column":28},"end":{"line":47,"column":108}}],"line":47},"5":{"loc":{"start":{"line":52,"column":32},"end":{"line":54,"column":33}},"type":"if","locations":[{"start":{"line":52,"column":32},"end":{"line":54,"column":33}},{"start":{"line":52,"column":32},"end":{"line":54,"column":33}}],"line":52},"6":{"loc":{"start":{"line":101,"column":8},"end":{"line":121,"column":9}},"type":"if","locations":[{"start":{"line":101,"column":8},"end":{"line":121,"column":9}},{"start":{"line":101,"column":8},"end":{"line":121,"column":9}}],"line":101},"7":{"loc":{"start":{"line":103,"column":12},"end":{"line":107,"column":13}},"type":"if","locations":[{"start":{"line":103,"column":12},"end":{"line":107,"column":13}},{"start":{"line":103,"column":12},"end":{"line":107,"column":13}}],"line":103},"8":{"loc":{"start":{"line":110,"column":12},"end":{"line":114,"column":13}},"type":"if","locations":[{"start":{"line":110,"column":12},"end":{"line":114,"column":13}},{"start":{"line":110,"column":12},"end":{"line":114,"column":13}}],"line":110},"9":{"loc":{"start":{"line":129,"column":8},"end":{"line":131,"column":9}},"type":"if","locations":[{"start":{"line":129,"column":8},"end":{"line":131,"column":9}},{"start":{"line":129,"column":8},"end":{"line":131,"column":9}}],"line":129},"10":{"loc":{"start":{"line":140,"column":8},"end":{"line":143,"column":9}},"type":"if","locations":[{"start":{"line":140,"column":8},"end":{"line":143,"column":9}},{"start":{"line":140,"column":8},"end":{"line":143,"column":9}}],"line":140}},"s":{"0":1,"1":1,"2":1,"3":1,"4":1,"5":1,"6":1,"7":1,"8":0,"9":0,"10":0,"11":0,"12":0,"13":0,"14":0,"15":0,"16":0,"17":0,"18":0,"19":1,"20":68,"21":68,"22":68,"23":0,"24":68,"25":3,"26":65,"27":65,"28":0,"29":65,"30":0,"31":65,"32":65,"33":99,"34":99,"35":32,"36":65,"37":65,"38":65,"39":65,"40":0,"41":1,"42":1,"43":1,"44":1,"45":1,"46":1,"47":1,"48":1,"49":4,"50":4,"51":4,"52":0,"53":0,"54":4,"55":3,"56":15,"57":4,"58":0,"59":1,"60":8,"61":8,"62":4,"63":4,"64":1,"65":8,"66":8,"67":4,"68":4,"69":4,"70":1},"f":{"0":0,"1":0,"2":0,"3":68,"4":68,"5":65,"6":1,"7":1,"8":4,"9":0,"10":15,"11":8,"12":8},"b":{"0":[0,0],"1":[0,68],"2":[3,65],"3":[0,65],"4":[0,65],"5":[32,67],"6":[4,0],"7":[0,4],"8":[3,1],"9":[4,4],"10":[4,4]},"_coverageSchema":"1a1c01bbd47fc00a2c39e90264f33305004495a9","hash":"65a0a23b3110f0c1f70a4b609cf78fc3904517bf","contentHash":"d08fb0befceb69d693fd1d52440bf17ac1742907994ccb67b5d086993fd6ff48"},"C:\\Users\\Gebruiker\\Documents\\github\\api\\routes\\middleware\\user.js":{"path":"C:\\Users\\Gebruiker\\Documents\\github\\api\\routes\\middleware\\user.js","statementMap":{"0":{"start":{"line":1,"column":21},"end":{"line":1,"column":45}},"1":{"start":{"line":2,"column":18},"end":{"line":2,"column":51}},"2":{"start":{"line":4,"column":13},"end":{"line":10,"column":2}},"3":{"start":{"line":8,"column":8},"end":{"line":8,"column":52}},"4":{"start":{"line":12,"column":0},"end":{"line":19,"column":3}},"5":{"start":{"line":14,"column":4},"end":{"line":18,"column":5}},"6":{"start":{"line":14,"column":36},"end":{"line":14,"column":65}},"7":{"start":{"line":15,"column":8},"end":{"line":15,"column":20}},"8":{"start":{"line":17,"column":8},"end":{"line":17,"column":44}},"9":{"start":{"line":21,"column":0},"end":{"line":27,"column":3}},"10":{"start":{"line":22,"column":4},"end":{"line":26,"column":5}},"11":{"start":{"line":22,"column":36},"end":{"line":22,"column":61}},"12":{"start":{"line":23,"column":8},"end":{"line":23,"column":20}},"13":{"start":{"line":25,"column":8},"end":{"line":25,"column":44}},"14":{"start":{"line":29,"column":0},"end":{"line":35,"column":3}},"15":{"start":{"line":30,"column":4},"end":{"line":34,"column":5}},"16":{"start":{"line":30,"column":36},"end":{"line":30,"column":72}},"17":{"start":{"line":31,"column":8},"end":{"line":31,"column":20}},"18":{"start":{"line":33,"column":8},"end":{"line":33,"column":44}},"19":{"start":{"line":37,"column":0},"end":{"line":37,"column":22}}},"fnMap":{"0":{"name":"(anonymous_0)","decl":{"start":{"line":5,"column":20},"end":{"line":5,"column":21}},"loc":{"start":{"line":5,"column":42},"end":{"line":9,"column":5}},"line":5},"1":{"name":"(anonymous_1)","decl":{"start":{"line":12,"column":27},"end":{"line":12,"column":28}},"loc":{"start":{"line":12,"column":36},"end":{"line":19,"column":1}},"line":12},"2":{"name":"(anonymous_2)","decl":{"start":{"line":14,"column":28},"end":{"line":14,"column":29}},"loc":{"start":{"line":14,"column":36},"end":{"line":14,"column":65}},"line":14},"3":{"name":"(anonymous_3)","decl":{"start":{"line":21,"column":39},"end":{"line":21,"column":40}},"loc":{"start":{"line":21,"column":48},"end":{"line":27,"column":1}},"line":21},"4":{"name":"(anonymous_4)","decl":{"start":{"line":22,"column":28},"end":{"line":22,"column":29}},"loc":{"start":{"line":22,"column":36},"end":{"line":22,"column":61}},"line":22},"5":{"name":"(anonymous_5)","decl":{"start":{"line":29,"column":30},"end":{"line":29,"column":31}},"loc":{"start":{"line":29,"column":39},"end":{"line":35,"column":1}},"line":29},"6":{"name":"(anonymous_6)","decl":{"start":{"line":30,"column":28},"end":{"line":30,"column":29}},"loc":{"start":{"line":30,"column":36},"end":{"line":30,"column":72}},"line":30}},"branchMap":{"0":{"loc":{"start":{"line":14,"column":4},"end":{"line":18,"column":5}},"type":"if","locations":[{"start":{"line":14,"column":4},"end":{"line":18,"column":5}},{"start":{"line":14,"column":4},"end":{"line":18,"column":5}}],"line":14},"1":{"loc":{"start":{"line":22,"column":4},"end":{"line":26,"column":5}},"type":"if","locations":[{"start":{"line":22,"column":4},"end":{"line":26,"column":5}},{"start":{"line":22,"column":4},"end":{"line":26,"column":5}}],"line":22},"2":{"loc":{"start":{"line":30,"column":4},"end":{"line":34,"column":5}},"type":"if","locations":[{"start":{"line":30,"column":4},"end":{"line":34,"column":5}},{"start":{"line":30,"column":4},"end":{"line":34,"column":5}}],"line":30}},"s":{"0":1,"1":1,"2":1,"3":0,"4":1,"5":15,"6":15,"7":15,"8":0,"9":1,"10":16,"11":16,"12":16,"13":0,"14":1,"15":4,"16":4,"17":4,"18":0,"19":1},"f":{"0":0,"1":15,"2":15,"3":16,"4":16,"5":4,"6":4},"b":{"0":[15,0],"1":[16,0],"2":[4,0]},"_coverageSchema":"1a1c01bbd47fc00a2c39e90264f33305004495a9","hash":"3c6c13f4a982ff00e06bd47d9e77ca946de3bf29","contentHash":"9fcd6494ee77ba1d29f2dd542d4d82455ad3b057bb08a495d44c767c8f5bd8c2"},"C:\\Users\\Gebruiker\\Documents\\github\\api\\models\\userDeviceModel.js":{"path":"C:\\Users\\Gebruiker\\Documents\\github\\api\\models\\userDeviceModel.js","statementMap":{"0":{"start":{"line":1,"column":17},"end":{"line":1,"column":36}},"1":{"start":{"line":3,"column":15},"end":{"line":3,"column":30}},"2":{"start":{"line":5,"column":25},"end":{"line":14,"column":2}},"3":{"start":{"line":16,"column":24},"end":{"line":16,"column":71}},"4":{"start":{"line":18,"column":0},"end":{"line":18,"column":33}}},"fnMap":{},"branchMap":{},"s":{"0":1,"1":1,"2":1,"3":1,"4":1},"f":{},"b":{},"_coverageSchema":"1a1c01bbd47fc00a2c39e90264f33305004495a9","hash":"df07dc2db07c7cfdf1c8f7da8f9b362fbf237674","contentHash":"e0facf03ee1fc4078c597037c8c79ca886f538c048c05e993af2b7e66c62632a"},"C:\\Users\\Gebruiker\\Documents\\github\\api\\routes\\users\\caregivers.js":{"path":"C:\\Users\\Gebruiker\\Documents\\github\\api\\routes\\users\\caregivers.js","statementMap":{"0":{"start":{"line":1,"column":16},"end":{"line":1,"column":34}},"1":{"start":{"line":2,"column":15},"end":{"line":2,"column":31}},"2":{"start":{"line":3,"column":27},"end":{"line":3,"column":60}},"3":{"start":{"line":4,"column":18},"end":{"line":4,"column":51}},"4":{"start":{"line":5,"column":13},"end":{"line":5,"column":42}},"5":{"start":{"line":7,"column":0},"end":{"line":32,"column":2}},"6":{"start":{"line":9,"column":24},"end":{"line":9,"column":81}},"7":{"start":{"line":11,"column":29},"end":{"line":11,"column":33}},"8":{"start":{"line":12,"column":8},"end":{"line":26,"column":9}},"9":{"start":{"line":13,"column":12},"end":{"line":23,"column":15}},"10":{"start":{"line":25,"column":12},"end":{"line":25,"column":49}},"11":{"start":{"line":27,"column":8},"end":{"line":29,"column":9}},"12":{"start":{"line":28,"column":12},"end":{"line":28,"column":99}},"13":{"start":{"line":30,"column":8},"end":{"line":30,"column":71}},"14":{"start":{"line":34,"column":0},"end":{"line":51,"column":2}},"15":{"start":{"line":37,"column":31},"end":{"line":37,"column":77}},"16":{"start":{"line":38,"column":8},"end":{"line":48,"column":9}},"17":{"start":{"line":39,"column":12},"end":{"line":39,"column":63}},"18":{"start":{"line":40,"column":12},"end":{"line":40,"column":61}},"19":{"start":{"line":41,"column":12},"end":{"line":41,"column":61}},"20":{"start":{"line":42,"column":12},"end":{"line":42,"column":55}},"21":{"start":{"line":43,"column":12},"end":{"line":43,"column":55}},"22":{"start":{"line":44,"column":12},"end":{"line":44,"column":71}},"23":{"start":{"line":46,"column":12},"end":{"line":46,"column":40}},"24":{"start":{"line":47,"column":12},"end":{"line":47,"column":85}},"25":{"start":{"line":49,"column":8},"end":{"line":49,"column":70}},"26":{"start":{"line":53,"column":0},"end":{"line":70,"column":2}},"27":{"start":{"line":55,"column":26},"end":{"line":55,"column":71}},"28":{"start":{"line":57,"column":8},"end":{"line":67,"column":9}},"29":{"start":{"line":58,"column":40},"end":{"line":58,"column":61}},"30":{"start":{"line":59,"column":32},"end":{"line":59,"column":34}},"31":{"start":{"line":60,"column":12},"end":{"line":65,"column":13}},"32":{"start":{"line":60,"column":24},"end":{"line":60,"column":25}},"33":{"start":{"line":61,"column":35},"end":{"line":61,"column":90}},"34":{"start":{"line":62,"column":16},"end":{"line":64,"column":17}},"35":{"start":{"line":63,"column":20},"end":{"line":63,"column":49}},"36":{"start":{"line":66,"column":12},"end":{"line":66,"column":43}},"37":{"start":{"line":68,"column":8},"end":{"line":68,"column":70}},"38":{"start":{"line":72,"column":0},"end":{"line":102,"column":2}},"39":{"start":{"line":74,"column":26},"end":{"line":74,"column":71}},"40":{"start":{"line":75,"column":8},"end":{"line":99,"column":9}},"41":{"start":{"line":76,"column":40},"end":{"line":76,"column":61}},"42":{"start":{"line":77,"column":32},"end":{"line":77,"column":34}},"43":{"start":{"line":78,"column":12},"end":{"line":83,"column":13}},"44":{"start":{"line":78,"column":24},"end":{"line":78,"column":25}},"45":{"start":{"line":79,"column":35},"end":{"line":79,"column":90}},"46":{"start":{"line":80,"column":16},"end":{"line":82,"column":17}},"47":{"start":{"line":81,"column":20},"end":{"line":81,"column":49}},"48":{"start":{"line":84,"column":30},"end":{"line":84,"column":32}},"49":{"start":{"line":85,"column":12},"end":{"line":97,"column":13}},"50":{"start":{"line":86,"column":16},"end":{"line":96,"column":17}},"51":{"start":{"line":86,"column":28},"end":{"line":86,"column":29}},"52":{"start":{"line":87,"column":43},"end":{"line":87,"column":67}},"53":{"start":{"line":88,"column":20},"end":{"line":95,"column":21}},"54":{"start":{"line":89,"column":24},"end":{"line":94,"column":25}},"55":{"start":{"line":89,"column":36},"end":{"line":89,"column":37}},"56":{"start":{"line":90,"column":45},"end":{"line":90,"column":95}},"57":{"start":{"line":91,"column":28},"end":{"line":93,"column":29}},"58":{"start":{"line":92,"column":32},"end":{"line":92,"column":57}},"59":{"start":{"line":98,"column":12},"end":{"line":98,"column":41}},"60":{"start":{"line":100,"column":8},"end":{"line":100,"column":70}},"61":{"start":{"line":104,"column":0},"end":{"line":104,"column":24}}},"fnMap":{"0":{"name":"(anonymous_0)","decl":{"start":{"line":8,"column":4},"end":{"line":8,"column":5}},"loc":{"start":{"line":8,"column":30},"end":{"line":31,"column":5}},"line":8},"1":{"name":"(anonymous_1)","decl":{"start":{"line":35,"column":4},"end":{"line":35,"column":5}},"loc":{"start":{"line":35,"column":30},"end":{"line":50,"column":5}},"line":35},"2":{"name":"(anonymous_2)","decl":{"start":{"line":54,"column":4},"end":{"line":54,"column":5}},"loc":{"start":{"line":54,"column":30},"end":{"line":69,"column":5}},"line":54},"3":{"name":"(anonymous_3)","decl":{"start":{"line":73,"column":4},"end":{"line":73,"column":5}},"loc":{"start":{"line":73,"column":30},"end":{"line":101,"column":5}},"line":73}},"branchMap":{"0":{"loc":{"start":{"line":27,"column":8},"end":{"line":29,"column":9}},"type":"if","locations":[{"start":{"line":27,"column":8},"end":{"line":29,"column":9}},{"start":{"line":27,"column":8},"end":{"line":29,"column":9}}],"line":27},"1":{"loc":{"start":{"line":38,"column":8},"end":{"line":48,"column":9}},"type":"if","locations":[{"start":{"line":38,"column":8},"end":{"line":48,"column":9}},{"start":{"line":38,"column":8},"end":{"line":48,"column":9}}],"line":38},"2":{"loc":{"start":{"line":57,"column":8},"end":{"line":67,"column":9}},"type":"if","locations":[{"start":{"line":57,"column":8},"end":{"line":67,"column":9}},{"start":{"line":57,"column":8},"end":{"line":67,"column":9}}],"line":57},"3":{"loc":{"start":{"line":62,"column":16},"end":{"line":64,"column":17}},"type":"if","locations":[{"start":{"line":62,"column":16},"end":{"line":64,"column":17}},{"start":{"line":62,"column":16},"end":{"line":64,"column":17}}],"line":62},"4":{"loc":{"start":{"line":75,"column":8},"end":{"line":99,"column":9}},"type":"if","locations":[{"start":{"line":75,"column":8},"end":{"line":99,"column":9}},{"start":{"line":75,"column":8},"end":{"line":99,"column":9}}],"line":75},"5":{"loc":{"start":{"line":80,"column":16},"end":{"line":82,"column":17}},"type":"if","locations":[{"start":{"line":80,"column":16},"end":{"line":82,"column":17}},{"start":{"line":80,"column":16},"end":{"line":82,"column":17}}],"line":80},"6":{"loc":{"start":{"line":85,"column":12},"end":{"line":97,"column":13}},"type":"if","locations":[{"start":{"line":85,"column":12},"end":{"line":97,"column":13}},{"start":{"line":85,"column":12},"end":{"line":97,"column":13}}],"line":85},"7":{"loc":{"start":{"line":88,"column":20},"end":{"line":95,"column":21}},"type":"if","locations":[{"start":{"line":88,"column":20},"end":{"line":95,"column":21}},{"start":{"line":88,"column":20},"end":{"line":95,"column":21}}],"line":88},"8":{"loc":{"start":{"line":91,"column":28},"end":{"line":93,"column":29}},"type":"if","locations":[{"start":{"line":91,"column":28},"end":{"line":93,"column":29}},{"start":{"line":91,"column":28},"end":{"line":93,"column":29}}],"line":91}},"s":{"0":1,"1":1,"2":1,"3":1,"4":1,"5":1,"6":2,"7":2,"8":2,"9":2,"10":1,"11":1,"12":1,"13":0,"14":1,"15":2,"16":2,"17":1,"18":1,"19":1,"20":1,"21":1,"22":1,"23":1,"24":1,"25":1,"26":1,"27":1,"28":1,"29":1,"30":1,"31":1,"32":1,"33":3,"34":3,"35":1,"36":1,"37":0,"38":1,"39":1,"40":1,"41":1,"42":1,"43":1,"44":1,"45":3,"46":3,"47":1,"48":1,"49":1,"50":1,"51":1,"52":1,"53":1,"54":1,"55":1,"56":1,"57":1,"58":1,"59":1,"60":0,"61":1},"f":{"0":2,"1":2,"2":1,"3":1},"b":{"0":[1,0],"1":[1,1],"2":[1,0],"3":[1,2],"4":[1,0],"5":[1,2],"6":[1,0],"7":[1,0],"8":[1,0]},"_coverageSchema":"1a1c01bbd47fc00a2c39e90264f33305004495a9","hash":"0f84fd3b19d2a5515739e6076a09a71df74cfe54","contentHash":"b082d0abe0a5d5ff13d227c7f401b7c5c1a90469045b1c4a7739d9ad9e11a242"},"C:\\Users\\Gebruiker\\Documents\\github\\api\\models\\categoryModel.js":{"path":"C:\\Users\\Gebruiker\\Documents\\github\\api\\models\\categoryModel.js","statementMap":{"0":{"start":{"line":1,"column":17},"end":{"line":1,"column":36}},"1":{"start":{"line":3,"column":15},"end":{"line":3,"column":30}},"2":{"start":{"line":5,"column":23},"end":{"line":15,"column":2}},"3":{"start":{"line":17,"column":22},"end":{"line":17,"column":64}},"4":{"start":{"line":19,"column":0},"end":{"line":19,"column":31}}},"fnMap":{},"branchMap":{},"s":{"0":1,"1":1,"2":1,"3":1,"4":1},"f":{},"b":{},"_coverageSchema":"1a1c01bbd47fc00a2c39e90264f33305004495a9","hash":"9a1e3ea5b1093d7a85aea1a637e37ab3b2c77986","contentHash":"f12cad8cd10fd2e0fb6fc49f334fd17c50739f6ae5387184f7b8249ecae24a21"},"C:\\Users\\Gebruiker\\Documents\\github\\api\\routes\\categories.js":{"path":"C:\\Users\\Gebruiker\\Documents\\github\\api\\routes\\categories.js","statementMap":{"0":{"start":{"line":1,"column":16},"end":{"line":1,"column":34}},"1":{"start":{"line":2,"column":15},"end":{"line":2,"column":31}},"2":{"start":{"line":3,"column":27},"end":{"line":3,"column":71}},"3":{"start":{"line":4,"column":17},"end":{"line":4,"column":36}},"4":{"start":{"line":5,"column":13},"end":{"line":5,"column":41}},"5":{"start":{"line":9,"column":0},"end":{"line":21,"column":3}},"6":{"start":{"line":10,"column":2},"end":{"line":20,"column":3}},"7":{"start":{"line":12,"column":19},"end":{"line":12,"column":52}},"8":{"start":{"line":13,"column":4},"end":{"line":13,"column":21}},"9":{"start":{"line":15,"column":4},"end":{"line":19,"column":5}},"10":{"start":{"line":16,"column":6},"end":{"line":16,"column":50}},"11":{"start":{"line":18,"column":6},"end":{"line":18,"column":32}},"12":{"start":{"line":22,"column":0},"end":{"line":33,"column":3}},"13":{"start":{"line":23,"column":2},"end":{"line":32,"column":3}},"14":{"start":{"line":24,"column":19},"end":{"line":24,"column":66}},"15":{"start":{"line":25,"column":4},"end":{"line":25,"column":21}},"16":{"start":{"line":27,"column":4},"end":{"line":31,"column":5}},"17":{"start":{"line":28,"column":6},"end":{"line":28,"column":50}},"18":{"start":{"line":30,"column":6},"end":{"line":30,"column":32}},"19":{"start":{"line":34,"column":0},"end":{"line":44,"column":5}},"20":{"start":{"line":37,"column":4},"end":{"line":43,"column":9}},"21":{"start":{"line":38,"column":6},"end":{"line":38,"column":21}},"22":{"start":{"line":41,"column":8},"end":{"line":41,"column":24}},"23":{"start":{"line":42,"column":8},"end":{"line":42,"column":34}},"24":{"start":{"line":45,"column":2},"end":{"line":54,"column":7}},"25":{"start":{"line":48,"column":6},"end":{"line":53,"column":11}},"26":{"start":{"line":49,"column":8},"end":{"line":49,"column":23}},"27":{"start":{"line":52,"column":10},"end":{"line":52,"column":26}},"28":{"start":{"line":55,"column":4},"end":{"line":70,"column":7}},"29":{"start":{"line":57,"column":8},"end":{"line":68,"column":11}},"30":{"start":{"line":58,"column":10},"end":{"line":58,"column":25}},"31":{"start":{"line":61,"column":10},"end":{"line":61,"column":20}},"32":{"start":{"line":62,"column":10},"end":{"line":62,"column":26}},"33":{"start":{"line":63,"column":10},"end":{"line":67,"column":11}},"34":{"start":{"line":64,"column":12},"end":{"line":64,"column":56}},"35":{"start":{"line":66,"column":12},"end":{"line":66,"column":38}},"36":{"start":{"line":71,"column":2},"end":{"line":71,"column":26}}},"fnMap":{"0":{"name":"(anonymous_0)","decl":{"start":{"line":9,"column":66},"end":{"line":9,"column":67}},"loc":{"start":{"line":9,"column":86},"end":{"line":21,"column":1}},"line":9},"1":{"name":"(anonymous_1)","decl":{"start":{"line":22,"column":69},"end":{"line":22,"column":70}},"loc":{"start":{"line":22,"column":89},"end":{"line":33,"column":1}},"line":22},"2":{"name":"(anonymous_2)","decl":{"start":{"line":35,"column":40},"end":{"line":35,"column":41}},"loc":{"start":{"line":35,"column":65},"end":{"line":44,"column":3}},"line":35},"3":{"name":"(anonymous_3)","decl":{"start":{"line":37,"column":45},"end":{"line":37,"column":46}},"loc":{"start":{"line":37,"column":53},"end":{"line":39,"column":5}},"line":37},"4":{"name":"(anonymous_4)","decl":{"start":{"line":40,"column":13},"end":{"line":40,"column":14}},"loc":{"start":{"line":40,"column":20},"end":{"line":43,"column":7}},"line":40},"5":{"name":"(anonymous_5)","decl":{"start":{"line":46,"column":41},"end":{"line":46,"column":42}},"loc":{"start":{"line":46,"column":66},"end":{"line":54,"column":5}},"line":46},"6":{"name":"(anonymous_6)","decl":{"start":{"line":48,"column":52},"end":{"line":48,"column":53}},"loc":{"start":{"line":48,"column":60},"end":{"line":50,"column":7}},"line":48},"7":{"name":"(anonymous_7)","decl":{"start":{"line":51,"column":15},"end":{"line":51,"column":16}},"loc":{"start":{"line":51,"column":22},"end":{"line":53,"column":9}},"line":51},"8":{"name":"(anonymous_8)","decl":{"start":{"line":56,"column":43},"end":{"line":56,"column":44}},"loc":{"start":{"line":56,"column":68},"end":{"line":70,"column":5}},"line":56},"9":{"name":"(anonymous_9)","decl":{"start":{"line":57,"column":61},"end":{"line":57,"column":62}},"loc":{"start":{"line":57,"column":69},"end":{"line":59,"column":9}},"line":57},"10":{"name":"(anonymous_10)","decl":{"start":{"line":60,"column":15},"end":{"line":60,"column":16}},"loc":{"start":{"line":60,"column":22},"end":{"line":68,"column":9}},"line":60}},"branchMap":{"0":{"loc":{"start":{"line":15,"column":4},"end":{"line":19,"column":5}},"type":"if","locations":[{"start":{"line":15,"column":4},"end":{"line":19,"column":5}},{"start":{"line":15,"column":4},"end":{"line":19,"column":5}}],"line":15},"1":{"loc":{"start":{"line":27,"column":4},"end":{"line":31,"column":5}},"type":"if","locations":[{"start":{"line":27,"column":4},"end":{"line":31,"column":5}},{"start":{"line":27,"column":4},"end":{"line":31,"column":5}}],"line":27},"2":{"loc":{"start":{"line":63,"column":10},"end":{"line":67,"column":11}},"type":"if","locations":[{"start":{"line":63,"column":10},"end":{"line":67,"column":11}},{"start":{"line":63,"column":10},"end":{"line":67,"column":11}}],"line":63}},"s":{"0":1,"1":1,"2":1,"3":1,"4":1,"5":1,"6":1,"7":1,"8":1,"9":0,"10":0,"11":0,"12":1,"13":2,"14":2,"15":1,"16":1,"17":1,"18":0,"19":1,"20":2,"21":1,"22":1,"23":1,"24":1,"25":0,"26":0,"27":0,"28":1,"29":1,"30":1,"31":0,"32":0,"33":0,"34":0,"35":0,"36":1},"f":{"0":1,"1":2,"2":2,"3":1,"4":1,"5":0,"6":0,"7":0,"8":1,"9":1,"10":0},"b":{"0":[0,0],"1":[1,0],"2":[0,0]},"_coverageSchema":"1a1c01bbd47fc00a2c39e90264f33305004495a9","hash":"3ceff766cd86123d3c0e3203ee87bfeb4fb7563f","contentHash":"02fbd372c21d38664f3f3549988185aec8e496fae99122e5e12de31303145f28"},"C:\\Users\\Gebruiker\\Documents\\github\\api\\controllers\\categoryController.js":{"path":"C:\\Users\\Gebruiker\\Documents\\github\\api\\controllers\\categoryController.js","statementMap":{"0":{"start":{"line":1,"column":22},"end":{"line":1,"column":56}},"1":{"start":{"line":3,"column":0},"end":{"line":10,"column":1}},"2":{"start":{"line":4,"column":20},"end":{"line":7,"column":4}},"3":{"start":{"line":8,"column":15},"end":{"line":8,"column":50}},"4":{"start":{"line":9,"column":2},"end":{"line":9,"column":16}},"5":{"start":{"line":12,"column":0},"end":{"line":14,"column":1}},"6":{"start":{"line":13,"column":4},"end":{"line":13,"column":56}},"7":{"start":{"line":16,"column":0},"end":{"line":22,"column":1}},"8":{"start":{"line":17,"column":19},"end":{"line":17,"column":45}},"9":{"start":{"line":18,"column":2},"end":{"line":20,"column":3}},"10":{"start":{"line":19,"column":4},"end":{"line":19,"column":27}},"11":{"start":{"line":21,"column":4},"end":{"line":21,"column":22}},"12":{"start":{"line":24,"column":0},"end":{"line":30,"column":1}},"13":{"start":{"line":25,"column":19},"end":{"line":25,"column":59}},"14":{"start":{"line":26,"column":4},"end":{"line":28,"column":5}},"15":{"start":{"line":27,"column":6},"end":{"line":27,"column":29}},"16":{"start":{"line":29,"column":6},"end":{"line":29,"column":22}},"17":{"start":{"line":32,"column":0},"end":{"line":41,"column":1}},"18":{"start":{"line":33,"column":26},"end":{"line":33,"column":66}},"19":{"start":{"line":34,"column":7},"end":{"line":36,"column":8}},"20":{"start":{"line":35,"column":9},"end":{"line":35,"column":32}},"21":{"start":{"line":37,"column":7},"end":{"line":37,"column":62}},"22":{"start":{"line":38,"column":7},"end":{"line":38,"column":68}},"23":{"start":{"line":39,"column":20},"end":{"line":39,"column":45}},"24":{"start":{"line":40,"column":7},"end":{"line":40,"column":21}}},"fnMap":{"0":{"name":"(anonymous_0)","decl":{"start":{"line":3,"column":17},"end":{"line":3,"column":18}},"loc":{"start":{"line":3,"column":37},"end":{"line":10,"column":1}},"line":3},"1":{"name":"(anonymous_1)","decl":{"start":{"line":12,"column":17},"end":{"line":12,"column":18}},"loc":{"start":{"line":12,"column":39},"end":{"line":14,"column":1}},"line":12},"2":{"name":"(anonymous_2)","decl":{"start":{"line":16,"column":17},"end":{"line":16,"column":18}},"loc":{"start":{"line":16,"column":29},"end":{"line":22,"column":1}},"line":16},"3":{"name":"(anonymous_3)","decl":{"start":{"line":24,"column":18},"end":{"line":24,"column":19}},"loc":{"start":{"line":24,"column":40},"end":{"line":30,"column":1}},"line":24},"4":{"name":"(anonymous_4)","decl":{"start":{"line":32,"column":15},"end":{"line":32,"column":16}},"loc":{"start":{"line":32,"column":44},"end":{"line":41,"column":1}},"line":32}},"branchMap":{"0":{"loc":{"start":{"line":18,"column":2},"end":{"line":20,"column":3}},"type":"if","locations":[{"start":{"line":18,"column":2},"end":{"line":20,"column":3}},{"start":{"line":18,"column":2},"end":{"line":20,"column":3}}],"line":18},"1":{"loc":{"start":{"line":26,"column":4},"end":{"line":28,"column":5}},"type":"if","locations":[{"start":{"line":26,"column":4},"end":{"line":28,"column":5}},{"start":{"line":26,"column":4},"end":{"line":28,"column":5}}],"line":26},"2":{"loc":{"start":{"line":34,"column":7},"end":{"line":36,"column":8}},"type":"if","locations":[{"start":{"line":34,"column":7},"end":{"line":36,"column":8}},{"start":{"line":34,"column":7},"end":{"line":36,"column":8}}],"line":34},"3":{"loc":{"start":{"line":37,"column":27},"end":{"line":37,"column":61}},"type":"binary-expr","locations":[{"start":{"line":37,"column":27},"end":{"line":37,"column":40}},{"start":{"line":37,"column":44},"end":{"line":37,"column":61}}],"line":37},"4":{"loc":{"start":{"line":38,"column":29},"end":{"line":38,"column":67}},"type":"binary-expr","locations":[{"start":{"line":38,"column":29},"end":{"line":38,"column":44}},{"start":{"line":38,"column":48},"end":{"line":38,"column":67}}],"line":38}},"s":{"0":1,"1":1,"2":2,"3":2,"4":1,"5":1,"6":0,"7":1,"8":1,"9":1,"10":0,"11":1,"12":1,"13":2,"14":2,"15":1,"16":1,"17":1,"18":1,"19":1,"20":0,"21":1,"22":1,"23":1,"24":1},"f":{"0":2,"1":0,"2":1,"3":2,"4":1},"b":{"0":[0,1],"1":[1,1],"2":[0,1],"3":[1,1],"4":[1,0]},"_coverageSchema":"1a1c01bbd47fc00a2c39e90264f33305004495a9","hash":"a617e405bed83bf722526e5b6f9f692befe3e784","contentHash":"889a8a854b5bc1eaba5fc6cace884f05523874a5c75c60a88a581e08624875bc"},"C:\\Users\\Gebruiker\\Documents\\github\\api\\routes\\users\\needyUsers.js":{"path":"C:\\Users\\Gebruiker\\Documents\\github\\api\\routes\\users\\needyUsers.js","statementMap":{"0":{"start":{"line":1,"column":16},"end":{"line":1,"column":34}},"1":{"start":{"line":2,"column":15},"end":{"line":2,"column":31}},"2":{"start":{"line":3,"column":27},"end":{"line":3,"column":60}},"3":{"start":{"line":4,"column":18},"end":{"line":4,"column":51}},"4":{"start":{"line":5,"column":13},"end":{"line":5,"column":42}},"5":{"start":{"line":7,"column":0},"end":{"line":36,"column":2}},"6":{"start":{"line":9,"column":24},"end":{"line":9,"column":69}},"7":{"start":{"line":10,"column":25},"end":{"line":10,"column":83}},"8":{"start":{"line":11,"column":24},"end":{"line":11,"column":28}},"9":{"start":{"line":12,"column":8},"end":{"line":30,"column":9}},"10":{"start":{"line":13,"column":12},"end":{"line":25,"column":15}},"11":{"start":{"line":26,"column":12},"end":{"line":26,"column":50}},"12":{"start":{"line":27,"column":12},"end":{"line":27,"column":35}},"13":{"start":{"line":29,"column":12},"end":{"line":29,"column":49}},"14":{"start":{"line":31,"column":8},"end":{"line":33,"column":9}},"15":{"start":{"line":32,"column":12},"end":{"line":32,"column":95}},"16":{"start":{"line":34,"column":8},"end":{"line":34,"column":71}},"17":{"start":{"line":38,"column":0},"end":{"line":54,"column":2}},"18":{"start":{"line":40,"column":26},"end":{"line":40,"column":72}},"19":{"start":{"line":41,"column":8},"end":{"line":51,"column":9}},"20":{"start":{"line":42,"column":12},"end":{"line":42,"column":58}},"21":{"start":{"line":43,"column":12},"end":{"line":43,"column":56}},"22":{"start":{"line":44,"column":12},"end":{"line":44,"column":56}},"23":{"start":{"line":45,"column":12},"end":{"line":45,"column":50}},"24":{"start":{"line":46,"column":12},"end":{"line":46,"column":50}},"25":{"start":{"line":47,"column":12},"end":{"line":47,"column":66}},"26":{"start":{"line":49,"column":12},"end":{"line":49,"column":35}},"27":{"start":{"line":50,"column":12},"end":{"line":50,"column":81}},"28":{"start":{"line":52,"column":8},"end":{"line":52,"column":71}},"29":{"start":{"line":56,"column":0},"end":{"line":72,"column":2}},"30":{"start":{"line":58,"column":27},"end":{"line":58,"column":73}},"31":{"start":{"line":59,"column":8},"end":{"line":69,"column":9}},"32":{"start":{"line":60,"column":35},"end":{"line":60,"column":55}},"33":{"start":{"line":61,"column":28},"end":{"line":61,"column":30}},"34":{"start":{"line":62,"column":12},"end":{"line":67,"column":13}},"35":{"start":{"line":62,"column":24},"end":{"line":62,"column":25}},"36":{"start":{"line":63,"column":33},"end":{"line":63,"column":87}},"37":{"start":{"line":64,"column":16},"end":{"line":66,"column":17}},"38":{"start":{"line":65,"column":20},"end":{"line":65,"column":45}},"39":{"start":{"line":68,"column":12},"end":{"line":68,"column":41}},"40":{"start":{"line":70,"column":8},"end":{"line":70,"column":71}},"41":{"start":{"line":74,"column":0},"end":{"line":74,"column":24}}},"fnMap":{"0":{"name":"(anonymous_0)","decl":{"start":{"line":8,"column":4},"end":{"line":8,"column":5}},"loc":{"start":{"line":8,"column":30},"end":{"line":35,"column":5}},"line":8},"1":{"name":"(anonymous_1)","decl":{"start":{"line":39,"column":4},"end":{"line":39,"column":5}},"loc":{"start":{"line":39,"column":30},"end":{"line":53,"column":5}},"line":39},"2":{"name":"(anonymous_2)","decl":{"start":{"line":57,"column":4},"end":{"line":57,"column":5}},"loc":{"start":{"line":57,"column":30},"end":{"line":71,"column":5}},"line":57}},"branchMap":{"0":{"loc":{"start":{"line":31,"column":8},"end":{"line":33,"column":9}},"type":"if","locations":[{"start":{"line":31,"column":8},"end":{"line":33,"column":9}},{"start":{"line":31,"column":8},"end":{"line":33,"column":9}}],"line":31},"1":{"loc":{"start":{"line":41,"column":8},"end":{"line":51,"column":9}},"type":"if","locations":[{"start":{"line":41,"column":8},"end":{"line":51,"column":9}},{"start":{"line":41,"column":8},"end":{"line":51,"column":9}}],"line":41},"2":{"loc":{"start":{"line":59,"column":8},"end":{"line":69,"column":9}},"type":"if","locations":[{"start":{"line":59,"column":8},"end":{"line":69,"column":9}},{"start":{"line":59,"column":8},"end":{"line":69,"column":9}}],"line":59},"3":{"loc":{"start":{"line":64,"column":16},"end":{"line":66,"column":17}},"type":"if","locations":[{"start":{"line":64,"column":16},"end":{"line":66,"column":17}},{"start":{"line":64,"column":16},"end":{"line":66,"column":17}}],"line":64}},"s":{"0":1,"1":1,"2":1,"3":1,"4":1,"5":1,"6":2,"7":2,"8":2,"9":2,"10":2,"11":1,"12":1,"13":1,"14":1,"15":1,"16":0,"17":1,"18":2,"19":2,"20":1,"21":1,"22":1,"23":1,"24":1,"25":1,"26":1,"27":1,"28":1,"29":1,"30":1,"31":1,"32":1,"33":1,"34":1,"35":1,"36":1,"37":1,"38":1,"39":1,"40":0,"41":1},"f":{"0":2,"1":2,"2":1},"b":{"0":[1,0],"1":[1,1],"2":[1,0],"3":[1,0]},"_coverageSchema":"1a1c01bbd47fc00a2c39e90264f33305004495a9","hash":"1d9d8c9e2eefcbc720a6c34657f2f7a986bc5e73","contentHash":"b9ee847ef25a83d660561af587daf12c2b1e446e69c4048b99043711135cee66"},"C:\\Users\\Gebruiker\\Documents\\github\\api\\models\\taskModel.js":{"path":"C:\\Users\\Gebruiker\\Documents\\github\\api\\models\\taskModel.js","statementMap":{"0":{"start":{"line":1,"column":17},"end":{"line":1,"column":36}},"1":{"start":{"line":3,"column":15},"end":{"line":3,"column":30}},"2":{"start":{"line":5,"column":19},"end":{"line":41,"column":2}},"3":{"start":{"line":43,"column":18},"end":{"line":43,"column":52}},"4":{"start":{"line":45,"column":0},"end":{"line":45,"column":27}}},"fnMap":{},"branchMap":{},"s":{"0":1,"1":1,"2":1,"3":1,"4":1},"f":{},"b":{},"_coverageSchema":"1a1c01bbd47fc00a2c39e90264f33305004495a9","hash":"bf662695250e98a4937e8f20eb268da6ee7a30a0","contentHash":"7fc9afaaabd7b47a5818690da332579461df547c1c6dddcf7a15d5a8c1b456c0"},"C:\\Users\\Gebruiker\\Documents\\github\\api\\models\\dayItemModel.js":{"path":"C:\\Users\\Gebruiker\\Documents\\github\\api\\models\\dayItemModel.js","statementMap":{"0":{"start":{"line":1,"column":17},"end":{"line":1,"column":36}},"1":{"start":{"line":2,"column":24},"end":{"line":2,"column":66}},"2":{"start":{"line":4,"column":22},"end":{"line":35,"column":2}},"3":{"start":{"line":38,"column":0},"end":{"line":45,"column":2}},"4":{"start":{"line":40,"column":26},"end":{"line":40,"column":48}},"5":{"start":{"line":42,"column":26},"end":{"line":42,"column":102}},"6":{"start":{"line":43,"column":30},"end":{"line":43,"column":64}},"7":{"start":{"line":43,"column":47},"end":{"line":43,"column":63}},"8":{"start":{"line":44,"column":8},"end":{"line":44,"column":55}},"9":{"start":{"line":47,"column":21},"end":{"line":47,"column":61}},"10":{"start":{"line":49,"column":0},"end":{"line":49,"column":30}}},"fnMap":{"0":{"name":"(anonymous_0)","decl":{"start":{"line":38,"column":32},"end":{"line":38,"column":33}},"loc":{"start":{"line":38,"column":53},"end":{"line":45,"column":1}},"line":38},"1":{"name":"(anonymous_1)","decl":{"start":{"line":43,"column":42},"end":{"line":43,"column":43}},"loc":{"start":{"line":43,"column":47},"end":{"line":43,"column":63}},"line":43}},"branchMap":{},"s":{"0":1,"1":1,"2":1,"3":1,"4":0,"5":0,"6":0,"7":0,"8":0,"9":1,"10":1},"f":{"0":0,"1":0},"b":{},"_coverageSchema":"1a1c01bbd47fc00a2c39e90264f33305004495a9","hash":"4f7f6bba944ea8b065bfef5fb0780b995ec48fd8","contentHash":"e9b39f1819cd01e8bdaae38a5f2cca2bc405735312c811ab8d0df9f24e16bb84"},"C:\\Users\\Gebruiker\\Documents\\github\\api\\routes\\dayItems.js":{"path":"C:\\Users\\Gebruiker\\Documents\\github\\api\\routes\\dayItems.js","statementMap":{"0":{"start":{"line":1,"column":16},"end":{"line":1,"column":34}},"1":{"start":{"line":2,"column":15},"end":{"line":2,"column":31}},"2":{"start":{"line":3,"column":26},"end":{"line":3,"column":69}},"3":{"start":{"line":5,"column":0},"end":{"line":12,"column":3}},"4":{"start":{"line":6,"column":4},"end":{"line":11,"column":5}},"5":{"start":{"line":7,"column":23},"end":{"line":7,"column":55}},"6":{"start":{"line":8,"column":8},"end":{"line":8,"column":25}},"7":{"start":{"line":10,"column":8},"end":{"line":10,"column":36}},"8":{"start":{"line":14,"column":0},"end":{"line":25,"column":3}},"9":{"start":{"line":15,"column":4},"end":{"line":24,"column":5}},"10":{"start":{"line":16,"column":23},"end":{"line":16,"column":90}},"11":{"start":{"line":17,"column":8},"end":{"line":21,"column":9}},"12":{"start":{"line":18,"column":12},"end":{"line":18,"column":41}},"13":{"start":{"line":20,"column":12},"end":{"line":20,"column":25}},"14":{"start":{"line":23,"column":8},"end":{"line":23,"column":36}},"15":{"start":{"line":27,"column":0},"end":{"line":34,"column":3}},"16":{"start":{"line":28,"column":4},"end":{"line":33,"column":5}},"17":{"start":{"line":29,"column":23},"end":{"line":29,"column":92}},"18":{"start":{"line":30,"column":8},"end":{"line":30,"column":25}},"19":{"start":{"line":32,"column":8},"end":{"line":32,"column":36}},"20":{"start":{"line":36,"column":0},"end":{"line":44,"column":3}},"21":{"start":{"line":37,"column":4},"end":{"line":43,"column":5}},"22":{"start":{"line":38,"column":23},"end":{"line":38,"column":118}},"23":{"start":{"line":39,"column":24},"end":{"line":39,"column":68}},"24":{"start":{"line":40,"column":8},"end":{"line":40,"column":29}},"25":{"start":{"line":42,"column":8},"end":{"line":42,"column":36}},"26":{"start":{"line":46,"column":0},"end":{"line":53,"column":3}},"27":{"start":{"line":47,"column":4},"end":{"line":52,"column":5}},"28":{"start":{"line":48,"column":23},"end":{"line":48,"column":97}},"29":{"start":{"line":49,"column":8},"end":{"line":49,"column":25}},"30":{"start":{"line":51,"column":8},"end":{"line":51,"column":36}},"31":{"start":{"line":55,"column":0},"end":{"line":62,"column":3}},"32":{"start":{"line":56,"column":4},"end":{"line":61,"column":5}},"33":{"start":{"line":57,"column":23},"end":{"line":57,"column":103}},"34":{"start":{"line":58,"column":8},"end":{"line":58,"column":25}},"35":{"start":{"line":60,"column":8},"end":{"line":60,"column":36}},"36":{"start":{"line":64,"column":0},"end":{"line":71,"column":3}},"37":{"start":{"line":65,"column":4},"end":{"line":70,"column":5}},"38":{"start":{"line":66,"column":23},"end":{"line":66,"column":75}},"39":{"start":{"line":67,"column":8},"end":{"line":67,"column":25}},"40":{"start":{"line":69,"column":8},"end":{"line":69,"column":36}},"41":{"start":{"line":73,"column":0},"end":{"line":80,"column":3}},"42":{"start":{"line":74,"column":4},"end":{"line":79,"column":5}},"43":{"start":{"line":75,"column":23},"end":{"line":75,"column":68}},"44":{"start":{"line":76,"column":8},"end":{"line":76,"column":25}},"45":{"start":{"line":78,"column":8},"end":{"line":78,"column":36}},"46":{"start":{"line":82,"column":0},"end":{"line":89,"column":3}},"47":{"start":{"line":83,"column":4},"end":{"line":88,"column":5}},"48":{"start":{"line":84,"column":23},"end":{"line":84,"column":101}},"49":{"start":{"line":85,"column":8},"end":{"line":85,"column":25}},"50":{"start":{"line":87,"column":8},"end":{"line":87,"column":36}},"51":{"start":{"line":91,"column":0},"end":{"line":98,"column":2}},"52":{"start":{"line":92,"column":4},"end":{"line":97,"column":5}},"53":{"start":{"line":93,"column":23},"end":{"line":93,"column":94}},"54":{"start":{"line":94,"column":8},"end":{"line":94,"column":25}},"55":{"start":{"line":96,"column":8},"end":{"line":96,"column":36}},"56":{"start":{"line":100,"column":0},"end":{"line":100,"column":24}}},"fnMap":{"0":{"name":"(anonymous_0)","decl":{"start":{"line":5,"column":16},"end":{"line":5,"column":17}},"loc":{"start":{"line":5,"column":36},"end":{"line":12,"column":1}},"line":5},"1":{"name":"(anonymous_1)","decl":{"start":{"line":14,"column":39},"end":{"line":14,"column":40}},"loc":{"start":{"line":14,"column":59},"end":{"line":25,"column":1}},"line":14},"2":{"name":"(anonymous_2)","decl":{"start":{"line":27,"column":65},"end":{"line":27,"column":66}},"loc":{"start":{"line":27,"column":85},"end":{"line":34,"column":1}},"line":27},"3":{"name":"(anonymous_3)","decl":{"start":{"line":36,"column":40},"end":{"line":36,"column":41}},"loc":{"start":{"line":36,"column":60},"end":{"line":44,"column":1}},"line":36},"4":{"name":"(anonymous_4)","decl":{"start":{"line":46,"column":33},"end":{"line":46,"column":34}},"loc":{"start":{"line":46,"column":53},"end":{"line":53,"column":1}},"line":46},"5":{"name":"(anonymous_5)","decl":{"start":{"line":55,"column":24},"end":{"line":55,"column":25}},"loc":{"start":{"line":55,"column":44},"end":{"line":62,"column":1}},"line":55},"6":{"name":"(anonymous_6)","decl":{"start":{"line":64,"column":46},"end":{"line":64,"column":47}},"loc":{"start":{"line":64,"column":66},"end":{"line":71,"column":1}},"line":64},"7":{"name":"(anonymous_7)","decl":{"start":{"line":73,"column":22},"end":{"line":73,"column":23}},"loc":{"start":{"line":73,"column":42},"end":{"line":80,"column":1}},"line":73},"8":{"name":"(anonymous_8)","decl":{"start":{"line":82,"column":42},"end":{"line":82,"column":43}},"loc":{"start":{"line":82,"column":62},"end":{"line":89,"column":1}},"line":82},"9":{"name":"(anonymous_9)","decl":{"start":{"line":91,"column":28},"end":{"line":91,"column":29}},"loc":{"start":{"line":91,"column":48},"end":{"line":98,"column":1}},"line":91}},"branchMap":{"0":{"loc":{"start":{"line":17,"column":8},"end":{"line":21,"column":9}},"type":"if","locations":[{"start":{"line":17,"column":8},"end":{"line":21,"column":9}},{"start":{"line":17,"column":8},"end":{"line":21,"column":9}}],"line":17}},"s":{"0":1,"1":1,"2":1,"3":1,"4":0,"5":0,"6":0,"7":0,"8":1,"9":1,"10":1,"11":1,"12":1,"13":0,"14":0,"15":1,"16":1,"17":1,"18":1,"19":0,"20":1,"21":1,"22":1,"23":1,"24":1,"25":0,"26":1,"27":0,"28":0,"29":0,"30":0,"31":1,"32":0,"33":0,"34":0,"35":0,"36":1,"37":0,"38":0,"39":0,"40":0,"41":1,"42":0,"43":0,"44":0,"45":0,"46":1,"47":1,"48":1,"49":1,"50":0,"51":1,"52":1,"53":1,"54":1,"55":0,"56":1},"f":{"0":0,"1":1,"2":1,"3":1,"4":0,"5":0,"6":0,"7":0,"8":1,"9":1},"b":{"0":[1,0]},"_coverageSchema":"1a1c01bbd47fc00a2c39e90264f33305004495a9","hash":"8315f2eb4523414f9c1d99f6badb6e3f9ad61f5e","contentHash":"3a20e8fbf63e4b689840a06885a02c29ae178a8a5609372a257dfe056104ee45"},"C:\\Users\\Gebruiker\\Documents\\github\\api\\controllers\\dayItemController.js":{"path":"C:\\Users\\Gebruiker\\Documents\\github\\api\\controllers\\dayItemController.js","statementMap":{"0":{"start":{"line":1,"column":21},"end":{"line":1,"column":54}},"1":{"start":{"line":2,"column":25},"end":{"line":2,"column":62}},"2":{"start":{"line":3,"column":18},"end":{"line":3,"column":48}},"3":{"start":{"line":4,"column":25},"end":{"line":4,"column":54}},"4":{"start":{"line":6,"column":0},"end":{"line":22,"column":1}},"5":{"start":{"line":7,"column":20},"end":{"line":13,"column":6}},"6":{"start":{"line":15,"column":4},"end":{"line":19,"column":6}},"7":{"start":{"line":16,"column":8},"end":{"line":16,"column":28}},"8":{"start":{"line":17,"column":8},"end":{"line":18,"column":29}},"9":{"start":{"line":21,"column":4},"end":{"line":21,"column":19}},"10":{"start":{"line":24,"column":0},"end":{"line":28,"column":1}},"11":{"start":{"line":25,"column":20},"end":{"line":25,"column":62}},"12":{"start":{"line":27,"column":4},"end":{"line":27,"column":19}},"13":{"start":{"line":30,"column":0},"end":{"line":34,"column":1}},"14":{"start":{"line":31,"column":20},"end":{"line":31,"column":91}},"15":{"start":{"line":33,"column":4},"end":{"line":33,"column":19}},"16":{"start":{"line":36,"column":0},"end":{"line":45,"column":1}},"17":{"start":{"line":37,"column":4},"end":{"line":44,"column":35}},"18":{"start":{"line":47,"column":0},"end":{"line":59,"column":1}},"19":{"start":{"line":48,"column":4},"end":{"line":58,"column":7}},"20":{"start":{"line":61,"column":0},"end":{"line":70,"column":1}},"21":{"start":{"line":62,"column":4},"end":{"line":69,"column":7}},"22":{"start":{"line":72,"column":0},"end":{"line":78,"column":1}},"23":{"start":{"line":73,"column":20},"end":{"line":75,"column":49}},"24":{"start":{"line":77,"column":4},"end":{"line":77,"column":19}},"25":{"start":{"line":80,"column":0},"end":{"line":84,"column":1}},"26":{"start":{"line":81,"column":4},"end":{"line":83,"column":22}},"27":{"start":{"line":86,"column":0},"end":{"line":90,"column":1}},"28":{"start":{"line":87,"column":4},"end":{"line":88,"column":22}},"29":{"start":{"line":89,"column":4},"end":{"line":89,"column":54}},"30":{"start":{"line":92,"column":0},"end":{"line":113,"column":1}},"31":{"start":{"line":93,"column":18},"end":{"line":104,"column":6}},"32":{"start":{"line":106,"column":4},"end":{"line":108,"column":5}},"33":{"start":{"line":107,"column":8},"end":{"line":107,"column":18}},"34":{"start":{"line":110,"column":4},"end":{"line":110,"column":34}},"35":{"start":{"line":112,"column":4},"end":{"line":112,"column":131}},"36":{"start":{"line":112,"column":41},"end":{"line":112,"column":129}},"37":{"start":{"line":115,"column":0},"end":{"line":123,"column":1}},"38":{"start":{"line":116,"column":4},"end":{"line":122,"column":7}},"39":{"start":{"line":125,"column":0},"end":{"line":139,"column":1}},"40":{"start":{"line":126,"column":20},"end":{"line":128,"column":6}},"41":{"start":{"line":130,"column":20},"end":{"line":130,"column":63}},"42":{"start":{"line":132,"column":4},"end":{"line":136,"column":5}},"43":{"start":{"line":133,"column":8},"end":{"line":133,"column":51}},"44":{"start":{"line":135,"column":8},"end":{"line":135,"column":32}},"45":{"start":{"line":138,"column":4},"end":{"line":138,"column":19}},"46":{"start":{"line":141,"column":0},"end":{"line":150,"column":1}},"47":{"start":{"line":142,"column":20},"end":{"line":142,"column":63}},"48":{"start":{"line":143,"column":4},"end":{"line":143,"column":61}},"49":{"start":{"line":145,"column":4},"end":{"line":149,"column":5}},"50":{"start":{"line":146,"column":8},"end":{"line":146,"column":62}},"51":{"start":{"line":148,"column":8},"end":{"line":148,"column":33}}},"fnMap":{"0":{"name":"(anonymous_0)","decl":{"start":{"line":6,"column":17},"end":{"line":6,"column":18}},"loc":{"start":{"line":6,"column":51},"end":{"line":22,"column":1}},"line":6},"1":{"name":"(anonymous_1)","decl":{"start":{"line":15,"column":17},"end":{"line":15,"column":18}},"loc":{"start":{"line":15,"column":28},"end":{"line":19,"column":5}},"line":15},"2":{"name":"(anonymous_2)","decl":{"start":{"line":18,"column":18},"end":{"line":18,"column":19}},"loc":{"start":{"line":18,"column":26},"end":{"line":18,"column":28}},"line":18},"3":{"name":"(anonymous_3)","decl":{"start":{"line":24,"column":17},"end":{"line":24,"column":18}},"loc":{"start":{"line":24,"column":32},"end":{"line":28,"column":1}},"line":24},"4":{"name":"(anonymous_4)","decl":{"start":{"line":30,"column":24},"end":{"line":30,"column":25}},"loc":{"start":{"line":30,"column":39},"end":{"line":34,"column":1}},"line":30},"5":{"name":"(anonymous_5)","decl":{"start":{"line":36,"column":17},"end":{"line":36,"column":18}},"loc":{"start":{"line":36,"column":23},"end":{"line":45,"column":1}},"line":36},"6":{"name":"(anonymous_6)","decl":{"start":{"line":47,"column":30},"end":{"line":47,"column":31}},"loc":{"start":{"line":47,"column":47},"end":{"line":59,"column":1}},"line":47},"7":{"name":"(anonymous_7)","decl":{"start":{"line":61,"column":19},"end":{"line":61,"column":20}},"loc":{"start":{"line":61,"column":34},"end":{"line":70,"column":1}},"line":61},"8":{"name":"(anonymous_8)","decl":{"start":{"line":72,"column":32},"end":{"line":72,"column":33}},"loc":{"start":{"line":72,"column":53},"end":{"line":78,"column":1}},"line":72},"9":{"name":"(anonymous_9)","decl":{"start":{"line":80,"column":24},"end":{"line":80,"column":25}},"loc":{"start":{"line":80,"column":50},"end":{"line":84,"column":1}},"line":80},"10":{"name":"(anonymous_10)","decl":{"start":{"line":86,"column":17},"end":{"line":86,"column":18}},"loc":{"start":{"line":86,"column":45},"end":{"line":90,"column":1}},"line":86},"11":{"name":"(anonymous_11)","decl":{"start":{"line":88,"column":14},"end":{"line":88,"column":15}},"loc":{"start":{"line":88,"column":19},"end":{"line":88,"column":21}},"line":88},"12":{"name":"(anonymous_12)","decl":{"start":{"line":92,"column":32},"end":{"line":92,"column":33}},"loc":{"start":{"line":92,"column":55},"end":{"line":113,"column":1}},"line":92},"13":{"name":"(anonymous_13)","decl":{"start":{"line":112,"column":36},"end":{"line":112,"column":37}},"loc":{"start":{"line":112,"column":41},"end":{"line":112,"column":129}},"line":112},"14":{"name":"(anonymous_14)","decl":{"start":{"line":115,"column":28},"end":{"line":115,"column":29}},"loc":{"start":{"line":115,"column":49},"end":{"line":123,"column":1}},"line":115},"15":{"name":"(anonymous_15)","decl":{"start":{"line":125,"column":28},"end":{"line":125,"column":29}},"loc":{"start":{"line":125,"column":55},"end":{"line":139,"column":1}},"line":125},"16":{"name":"(anonymous_16)","decl":{"start":{"line":141,"column":28},"end":{"line":141,"column":29}},"loc":{"start":{"line":141,"column":64},"end":{"line":150,"column":1}},"line":141}},"branchMap":{"0":{"loc":{"start":{"line":106,"column":4},"end":{"line":108,"column":5}},"type":"if","locations":[{"start":{"line":106,"column":4},"end":{"line":108,"column":5}},{"start":{"line":106,"column":4},"end":{"line":108,"column":5}}],"line":106},"1":{"loc":{"start":{"line":112,"column":41},"end":{"line":112,"column":129}},"type":"binary-expr","locations":[{"start":{"line":112,"column":41},"end":{"line":112,"column":103}},{"start":{"line":112,"column":107},"end":{"line":112,"column":129}}],"line":112},"2":{"loc":{"start":{"line":132,"column":4},"end":{"line":136,"column":5}},"type":"if","locations":[{"start":{"line":132,"column":4},"end":{"line":136,"column":5}},{"start":{"line":132,"column":4},"end":{"line":136,"column":5}}],"line":132},"3":{"loc":{"start":{"line":145,"column":4},"end":{"line":149,"column":5}},"type":"if","locations":[{"start":{"line":145,"column":4},"end":{"line":149,"column":5}},{"start":{"line":145,"column":4},"end":{"line":149,"column":5}}],"line":145}},"s":{"0":1,"1":1,"2":1,"3":1,"4":1,"5":1,"6":1,"7":1,"8":1,"9":1,"10":1,"11":0,"12":0,"13":1,"14":0,"15":0,"16":1,"17":0,"18":1,"19":1,"20":1,"21":1,"22":1,"23":0,"24":0,"25":1,"26":0,"27":1,"28":0,"29":0,"30":1,"31":1,"32":1,"33":0,"34":1,"35":1,"36":3,"37":1,"38":0,"39":1,"40":1,"41":1,"42":1,"43":1,"44":1,"45":1,"46":1,"47":1,"48":1,"49":1,"50":1,"51":1},"f":{"0":1,"1":1,"2":1,"3":0,"4":0,"5":0,"6":1,"7":1,"8":0,"9":0,"10":0,"11":0,"12":1,"13":3,"14":0,"15":1,"16":1},"b":{"0":[0,1],"1":[3,3],"2":[1,0],"3":[1,0]},"_coverageSchema":"1a1c01bbd47fc00a2c39e90264f33305004495a9","hash":"8f1b6609488aa92fc37f6ced7c9506a557fb1ffb","contentHash":"4533bc4a888784fe5f3432e487b3b9480cc38ff6668fbbb1c88c042da23e4314"},"C:\\Users\\Gebruiker\\Documents\\github\\api\\models\\itemRemovalModel.js":{"path":"C:\\Users\\Gebruiker\\Documents\\github\\api\\models\\itemRemovalModel.js","statementMap":{"0":{"start":{"line":1,"column":17},"end":{"line":1,"column":36}},"1":{"start":{"line":3,"column":15},"end":{"line":3,"column":30}},"2":{"start":{"line":5,"column":26},"end":{"line":10,"column":2}},"3":{"start":{"line":12,"column":20},"end":{"line":12,"column":68}},"4":{"start":{"line":14,"column":0},"end":{"line":14,"column":29}}},"fnMap":{},"branchMap":{},"s":{"0":1,"1":1,"2":1,"3":1,"4":1},"f":{},"b":{},"_coverageSchema":"1a1c01bbd47fc00a2c39e90264f33305004495a9","hash":"d7f387c95e73a7d7ba9148f4b0d30d4f21bfad6d","contentHash":"62fe026b8c549710eeb3312947976596f7a87db4df8881fbf44c9cdc824f248f"},"C:\\Users\\Gebruiker\\Documents\\github\\api\\routes\\users\\facilitymanagers.js":{"path":"C:\\Users\\Gebruiker\\Documents\\github\\api\\routes\\users\\facilitymanagers.js","statementMap":{"0":{"start":{"line":1,"column":16},"end":{"line":1,"column":34}},"1":{"start":{"line":2,"column":15},"end":{"line":2,"column":31}},"2":{"start":{"line":3,"column":27},"end":{"line":3,"column":60}},"3":{"start":{"line":4,"column":18},"end":{"line":4,"column":51}},"4":{"start":{"line":5,"column":13},"end":{"line":5,"column":42}},"5":{"start":{"line":7,"column":0},"end":{"line":32,"column":2}},"6":{"start":{"line":9,"column":30},"end":{"line":9,"column":94}},"7":{"start":{"line":11,"column":27},"end":{"line":11,"column":31}},"8":{"start":{"line":12,"column":8},"end":{"line":25,"column":9}},"9":{"start":{"line":13,"column":12},"end":{"line":22,"column":15}},"10":{"start":{"line":24,"column":12},"end":{"line":24,"column":49}},"11":{"start":{"line":27,"column":8},"end":{"line":29,"column":9}},"12":{"start":{"line":28,"column":12},"end":{"line":28,"column":105}},"13":{"start":{"line":30,"column":8},"end":{"line":30,"column":71}},"14":{"start":{"line":34,"column":0},"end":{"line":51,"column":2}},"15":{"start":{"line":37,"column":29},"end":{"line":37,"column":75}},"16":{"start":{"line":38,"column":8},"end":{"line":48,"column":9}},"17":{"start":{"line":39,"column":12},"end":{"line":39,"column":61}},"18":{"start":{"line":40,"column":12},"end":{"line":40,"column":59}},"19":{"start":{"line":41,"column":12},"end":{"line":41,"column":59}},"20":{"start":{"line":42,"column":12},"end":{"line":42,"column":53}},"21":{"start":{"line":43,"column":12},"end":{"line":43,"column":53}},"22":{"start":{"line":44,"column":12},"end":{"line":44,"column":71}},"23":{"start":{"line":46,"column":12},"end":{"line":46,"column":38}},"24":{"start":{"line":47,"column":12},"end":{"line":47,"column":90}},"25":{"start":{"line":49,"column":8},"end":{"line":49,"column":77}},"26":{"start":{"line":53,"column":0},"end":{"line":53,"column":24}}},"fnMap":{"0":{"name":"(anonymous_0)","decl":{"start":{"line":8,"column":4},"end":{"line":8,"column":5}},"loc":{"start":{"line":8,"column":30},"end":{"line":31,"column":5}},"line":8},"1":{"name":"(anonymous_1)","decl":{"start":{"line":35,"column":4},"end":{"line":35,"column":5}},"loc":{"start":{"line":35,"column":30},"end":{"line":50,"column":5}},"line":35}},"branchMap":{"0":{"loc":{"start":{"line":27,"column":8},"end":{"line":29,"column":9}},"type":"if","locations":[{"start":{"line":27,"column":8},"end":{"line":29,"column":9}},{"start":{"line":27,"column":8},"end":{"line":29,"column":9}}],"line":27},"1":{"loc":{"start":{"line":38,"column":8},"end":{"line":48,"column":9}},"type":"if","locations":[{"start":{"line":38,"column":8},"end":{"line":48,"column":9}},{"start":{"line":38,"column":8},"end":{"line":48,"column":9}}],"line":38}},"s":{"0":1,"1":1,"2":1,"3":1,"4":1,"5":1,"6":2,"7":2,"8":2,"9":2,"10":1,"11":1,"12":1,"13":0,"14":1,"15":2,"16":2,"17":1,"18":1,"19":1,"20":1,"21":1,"22":1,"23":1,"24":1,"25":1,"26":1},"f":{"0":2,"1":2},"b":{"0":[1,0],"1":[1,1]},"_coverageSchema":"1a1c01bbd47fc00a2c39e90264f33305004495a9","hash":"e50ecf91585805d4711c4317e9761a3f1e916be1","contentHash":"e4dbbe8233ba964730968020db486e5e1b086a12e2c69798e78397b964d0c323"},"C:\\Users\\Gebruiker\\Documents\\github\\api\\routes\\users\\guardians.js":{"path":"C:\\Users\\Gebruiker\\Documents\\github\\api\\routes\\users\\guardians.js","statementMap":{"0":{"start":{"line":1,"column":16},"end":{"line":1,"column":34}},"1":{"start":{"line":2,"column":15},"end":{"line":2,"column":31}},"2":{"start":{"line":3,"column":27},"end":{"line":3,"column":60}},"3":{"start":{"line":4,"column":18},"end":{"line":4,"column":51}},"4":{"start":{"line":5,"column":13},"end":{"line":5,"column":42}},"5":{"start":{"line":7,"column":0},"end":{"line":40,"column":2}},"6":{"start":{"line":9,"column":23},"end":{"line":9,"column":79}},"7":{"start":{"line":10,"column":28},"end":{"line":10,"column":32}},"8":{"start":{"line":11,"column":28},"end":{"line":11,"column":48}},"9":{"start":{"line":12,"column":8},"end":{"line":33,"column":9}},"10":{"start":{"line":13,"column":12},"end":{"line":23,"column":15}},"11":{"start":{"line":24,"column":12},"end":{"line":30,"column":13}},"12":{"start":{"line":25,"column":16},"end":{"line":29,"column":17}},"13":{"start":{"line":25,"column":28},"end":{"line":25,"column":29}},"14":{"start":{"line":26,"column":38},"end":{"line":26,"column":85}},"15":{"start":{"line":27,"column":20},"end":{"line":27,"column":60}},"16":{"start":{"line":28,"column":20},"end":{"line":28,"column":43}},"17":{"start":{"line":32,"column":12},"end":{"line":32,"column":49}},"18":{"start":{"line":35,"column":8},"end":{"line":37,"column":9}},"19":{"start":{"line":36,"column":12},"end":{"line":36,"column":97}},"20":{"start":{"line":38,"column":8},"end":{"line":38,"column":71}},"21":{"start":{"line":42,"column":0},"end":{"line":73,"column":2}},"22":{"start":{"line":44,"column":30},"end":{"line":44,"column":76}},"23":{"start":{"line":45,"column":28},"end":{"line":45,"column":48}},"24":{"start":{"line":46,"column":8},"end":{"line":70,"column":9}},"25":{"start":{"line":47,"column":12},"end":{"line":47,"column":62}},"26":{"start":{"line":48,"column":12},"end":{"line":48,"column":60}},"27":{"start":{"line":49,"column":12},"end":{"line":49,"column":60}},"28":{"start":{"line":50,"column":12},"end":{"line":50,"column":54}},"29":{"start":{"line":51,"column":12},"end":{"line":51,"column":54}},"30":{"start":{"line":52,"column":12},"end":{"line":52,"column":70}},"31":{"start":{"line":53,"column":12},"end":{"line":53,"column":39}},"32":{"start":{"line":55,"column":27},"end":{"line":55,"column":77}},"33":{"start":{"line":56,"column":12},"end":{"line":56,"column":31}},"34":{"start":{"line":57,"column":12},"end":{"line":60,"column":13}},"35":{"start":{"line":57,"column":24},"end":{"line":57,"column":25}},"36":{"start":{"line":58,"column":16},"end":{"line":58,"column":55}},"37":{"start":{"line":59,"column":16},"end":{"line":59,"column":38}},"38":{"start":{"line":62,"column":12},"end":{"line":68,"column":13}},"39":{"start":{"line":63,"column":16},"end":{"line":67,"column":17}},"40":{"start":{"line":63,"column":28},"end":{"line":63,"column":29}},"41":{"start":{"line":64,"column":38},"end":{"line":64,"column":85}},"42":{"start":{"line":65,"column":20},"end":{"line":65,"column":60}},"43":{"start":{"line":66,"column":20},"end":{"line":66,"column":43}},"44":{"start":{"line":69,"column":12},"end":{"line":69,"column":83}},"45":{"start":{"line":71,"column":8},"end":{"line":71,"column":69}},"46":{"start":{"line":75,"column":0},"end":{"line":75,"column":24}}},"fnMap":{"0":{"name":"(anonymous_0)","decl":{"start":{"line":8,"column":4},"end":{"line":8,"column":5}},"loc":{"start":{"line":8,"column":30},"end":{"line":39,"column":5}},"line":8},"1":{"name":"(anonymous_1)","decl":{"start":{"line":43,"column":4},"end":{"line":43,"column":5}},"loc":{"start":{"line":43,"column":30},"end":{"line":72,"column":5}},"line":43}},"branchMap":{"0":{"loc":{"start":{"line":24,"column":12},"end":{"line":30,"column":13}},"type":"if","locations":[{"start":{"line":24,"column":12},"end":{"line":30,"column":13}},{"start":{"line":24,"column":12},"end":{"line":30,"column":13}}],"line":24},"1":{"loc":{"start":{"line":35,"column":8},"end":{"line":37,"column":9}},"type":"if","locations":[{"start":{"line":35,"column":8},"end":{"line":37,"column":9}},{"start":{"line":35,"column":8},"end":{"line":37,"column":9}}],"line":35},"2":{"loc":{"start":{"line":46,"column":8},"end":{"line":70,"column":9}},"type":"if","locations":[{"start":{"line":46,"column":8},"end":{"line":70,"column":9}},{"start":{"line":46,"column":8},"end":{"line":70,"column":9}}],"line":46},"3":{"loc":{"start":{"line":62,"column":12},"end":{"line":68,"column":13}},"type":"if","locations":[{"start":{"line":62,"column":12},"end":{"line":68,"column":13}},{"start":{"line":62,"column":12},"end":{"line":68,"column":13}}],"line":62}},"s":{"0":1,"1":1,"2":1,"3":1,"4":1,"5":1,"6":2,"7":2,"8":2,"9":2,"10":2,"11":1,"12":0,"13":0,"14":0,"15":0,"16":0,"17":1,"18":1,"19":1,"20":0,"21":1,"22":2,"23":2,"24":2,"25":1,"26":1,"27":1,"28":1,"29":1,"30":1,"31":1,"32":1,"33":1,"34":1,"35":1,"36":0,"37":0,"38":1,"39":0,"40":0,"41":0,"42":0,"43":0,"44":1,"45":1,"46":1},"f":{"0":2,"1":2},"b":{"0":[0,1],"1":[1,0],"2
[...]
"45":1,"46":1,"47":1,"48":1,"49":0,"50":0,"51":0,"52":0,"53":0,"54":0,"55":0,"56":0,"57":0,"58":0,"59":0,"60":0,"61":0,"62":0,"63":0,"64":1,"65":0,"66":0,"67":0,"68":0,"69":0,"70":0,"71":0,"72":1,"73":1,"74":1,"75":0,"76":1,"77":0,"78":0,"79":0,"80":1,"81":1,"82":1,"83":1,"84":1,"85":1,"86":1,"87":1,"88":1,"89":1,"90":1,"91":1,"92":1,"93":0,"94":0,"95":0,"96":1,"97":1,"98":1,"99":0,"100":0,"101":1},"f":{"0":0,"1":0,"2":0,"3":0,"4":0,"5":0,"6":1,"7":1,"8":0,"9":3,"10":0,"11":0,"12":1,"13":1,"14":0,"15":0,"16":0,"17":0,"18":1},"b":{"0":[0,0],"1":[0,0],"2":[0,0],"3":[2,1],"4":[2,0],"5":[0,1],"6":[0,0],"7":[0,0],"8":[0,0],"9":[0,1]},"_coverageSchema":"1a1c01bbd47fc00a2c39e90264f33305004495a9","hash":"484ec06c8707523827298e8d36119eb2e6750a95","contentHash":"bde2bc87bd66054e4514ebe8498f360b10aef7305444ae48ba4f3496fd3a9dd7"},"C:\\Users\\Gebruiker\\Documents\\github\\api\\controllers\\taskController.js":{"path":"C:\\Users\\Gebruiker\\Documents\\github\\api\\controllers\\taskController.js","statementMap":{"0":{"start":{"line":1,"column":11},"end":{"line":1,"column":41}},"1":{"start":{"line":2,"column":15},"end":{"line":2,"column":49}},"2":{"start":{"line":4,"column":0},"end":{"line":12,"column":2}},"3":{"start":{"line":5,"column":17},"end":{"line":7,"column":30}},"4":{"start":{"line":8,"column":4},"end":{"line":10,"column":5}},"5":{"start":{"line":9,"column":8},"end":{"line":9,"column":31}},"6":{"start":{"line":11,"column":4},"end":{"line":11,"column":16}},"7":{"start":{"line":14,"column":0},"end":{"line":24,"column":2}},"8":{"start":{"line":15,"column":18},"end":{"line":22,"column":6}},"9":{"start":{"line":23,"column":4},"end":{"line":23,"column":39}},"10":{"start":{"line":26,"column":0},"end":{"line":38,"column":2}},"11":{"start":{"line":27,"column":4},"end":{"line":29,"column":6}},"12":{"start":{"line":30,"column":4},"end":{"line":30,"column":35}},"13":{"start":{"line":31,"column":4},"end":{"line":31,"column":53}},"14":{"start":{"line":32,"column":18},"end":{"line":33,"column":20}},"15":{"start":{"line":34,"column":4},"end":{"line":36,"column":5}},"16":{"start":{"line":35,"column":8},"end":{"line":35,"column":31}},"17":{"start":{"line":37,"column":4},"end":{"line":37,"column":17}},"18":{"start":{"line":39,"column":0},"end":{"line":46,"column":2}},"19":{"start":{"line":40,"column":22},"end":{"line":41,"column":29}},"20":{"start":{"line":42,"column":4},"end":{"line":44,"column":5}},"21":{"start":{"line":43,"column":8},"end":{"line":43,"column":31}},"22":{"start":{"line":45,"column":4},"end":{"line":45,"column":21}},"23":{"start":{"line":48,"column":0},"end":{"line":55,"column":2}},"24":{"start":{"line":49,"column":4},"end":{"line":49,"column":42}},"25":{"start":{"line":50,"column":17},"end":{"line":50,"column":48}},"26":{"start":{"line":51,"column":4},"end":{"line":53,"column":5}},"27":{"start":{"line":52,"column":8},"end":{"line":52,"column":31}},"28":{"start":{"line":54,"column":4},"end":{"line":54,"column":18}},"29":{"start":{"line":56,"column":0},"end":{"line":71,"column":2}},"30":{"start":{"line":57,"column":15},"end":{"line":57,"column":38}},"31":{"start":{"line":59,"column":2},"end":{"line":61,"column":3}},"32":{"start":{"line":60,"column":4},"end":{"line":60,"column":27}},"33":{"start":{"line":62,"column":2},"end":{"line":62,"column":37}},"34":{"start":{"line":63,"column":2},"end":{"line":63,"column":52}},"35":{"start":{"line":64,"column":2},"end":{"line":64,"column":46}},"36":{"start":{"line":65,"column":2},"end":{"line":65,"column":49}},"37":{"start":{"line":66,"column":2},"end":{"line":66,"column":37}},"38":{"start":{"line":67,"column":2},"end":{"line":67,"column":32}},"39":{"start":{"line":69,"column":15},"end":{"line":69,"column":32}},"40":{"start":{"line":70,"column":2},"end":{"line":70,"column":16}},"41":{"start":{"line":72,"column":0},"end":{"line":92,"column":2}},"42":{"start":{"line":73,"column":15},"end":{"line":73,"column":42}},"43":{"start":{"line":74,"column":4},"end":{"line":76,"column":5}},"44":{"start":{"line":75,"column":8},"end":{"line":75,"column":31}},"45":{"start":{"line":77,"column":22},"end":{"line":86,"column":6}},"46":{"start":{"line":88,"column":17},"end":{"line":88,"column":52}},"47":{"start":{"line":89,"column":4},"end":{"line":89,"column":32}},"48":{"start":{"line":90,"column":18},"end":{"line":90,"column":39}},"49":{"start":{"line":91,"column":4},"end":{"line":91,"column":18}},"50":{"start":{"line":93,"column":0},"end":{"line":102,"column":2}},"51":{"start":{"line":94,"column":17},"end":{"line":94,"column":60}},"52":{"start":{"line":95,"column":15},"end":{"line":95,"column":58}},"53":{"start":{"line":96,"column":4},"end":{"line":100,"column":5}},"54":{"start":{"line":97,"column":22},"end":{"line":97,"column":56}},"55":{"start":{"line":98,"column":8},"end":{"line":98,"column":40}},"56":{"start":{"line":99,"column":8},"end":{"line":99,"column":26}},"57":{"start":{"line":101,"column":4},"end":{"line":101,"column":18}}},"fnMap":{"0":{"name":"(anonymous_0)","decl":{"start":{"line":4,"column":18},"end":{"line":4,"column":19}},"loc":{"start":{"line":4,"column":32},"end":{"line":12,"column":1}},"line":4},"1":{"name":"(anonymous_1)","decl":{"start":{"line":14,"column":17},"end":{"line":14,"column":18}},"loc":{"start":{"line":14,"column":50},"end":{"line":24,"column":1}},"line":14},"2":{"name":"(anonymous_2)","decl":{"start":{"line":26,"column":17},"end":{"line":26,"column":18}},"loc":{"start":{"line":26,"column":55},"end":{"line":38,"column":1}},"line":26},"3":{"name":"(anonymous_3)","decl":{"start":{"line":39,"column":26},"end":{"line":39,"column":27}},"loc":{"start":{"line":39,"column":44},"end":{"line":46,"column":1}},"line":39},"4":{"name":"(anonymous_4)","decl":{"start":{"line":48,"column":17},"end":{"line":48,"column":18}},"loc":{"start":{"line":48,"column":31},"end":{"line":55,"column":1}},"line":48},"5":{"name":"(anonymous_5)","decl":{"start":{"line":56,"column":15},"end":{"line":56,"column":16}},"loc":{"start":{"line":56,"column":35},"end":{"line":71,"column":1}},"line":56},"6":{"name":"(anonymous_6)","decl":{"start":{"line":72,"column":25},"end":{"line":72,"column":26}},"loc":{"start":{"line":72,"column":57},"end":{"line":92,"column":1}},"line":72},"7":{"name":"(anonymous_7)","decl":{"start":{"line":93,"column":25},"end":{"line":93,"column":26}},"loc":{"start":{"line":93,"column":47},"end":{"line":102,"column":1}},"line":93}},"branchMap":{"0":{"loc":{"start":{"line":8,"column":4},"end":{"line":10,"column":5}},"type":"if","locations":[{"start":{"line":8,"column":4},"end":{"line":10,"column":5}},{"start":{"line":8,"column":4},"end":{"line":10,"column":5}}],"line":8},"1":{"loc":{"start":{"line":28,"column":14},"end":{"line":28,"column":47}},"type":"binary-expr","locations":[{"start":{"line":28,"column":14},"end":{"line":28,"column":32}},{"start":{"line":28,"column":36},"end":{"line":28,"column":47}}],"line":28},"2":{"loc":{"start":{"line":31,"column":21},"end":{"line":31,"column":52}},"type":"binary-expr","locations":[{"start":{"line":31,"column":21},"end":{"line":31,"column":43}},{"start":{"line":31,"column":47},"end":{"line":31,"column":52}}],"line":31},"3":{"loc":{"start":{"line":34,"column":4},"end":{"line":36,"column":5}},"type":"if","locations":[{"start":{"line":34,"column":4},"end":{"line":36,"column":5}},{"start":{"line":34,"column":4},"end":{"line":36,"column":5}}],"line":34},"4":{"loc":{"start":{"line":42,"column":4},"end":{"line":44,"column":5}},"type":"if","locations":[{"start":{"line":42,"column":4},"end":{"line":44,"column":5}},{"start":{"line":42,"column":4},"end":{"line":44,"column":5}}],"line":42},"5":{"loc":{"start":{"line":51,"column":4},"end":{"line":53,"column":5}},"type":"if","locations":[{"start":{"line":51,"column":4},"end":{"line":53,"column":5}},{"start":{"line":51,"column":4},"end":{"line":53,"column":5}}],"line":51},"6":{"loc":{"start":{"line":59,"column":2},"end":{"line":61,"column":3}},"type":"if","locations":[{"start":{"line":59,"column":2},"end":{"line":61,"column":3}},{"start":{"line":59,"column":2},"end":{"line":61,"column":3}}],"line":59},"7":{"loc":{"start":{"line":62,"column":14},"end":{"line":62,"column":36}},"type":"binary-expr","locations":[{"start":{"line":62,"column":14},"end":{"line":62,"column":23}},{"start":{"line":62,"column":27},"end":{"line":62,"column":36}}],"line":62},"8":{"loc":{"start":{"line":63,"column":19},"end":{"line":63,"column":51}},"type":"binary-expr","locations":[{"start":{"line":63,"column":19},"end":{"line":63,"column":33}},{"start":{"line":63,"column":37},"end":{"line":63,"column":51}}],"line":63},"9":{"loc":{"start":{"line":64,"column":17},"end":{"line":64,"column":45}},"type":"binary-expr","locations":[{"start":{"line":64,"column":17},"end":{"line":64,"column":29}},{"start":{"line":64,"column":33},"end":{"line":64,"column":45}}],"line":64},"10":{"loc":{"start":{"line":65,"column":18},"end":{"line":65,"column":48}},"type":"binary-expr","locations":[{"start":{"line":65,"column":18},"end":{"line":65,"column":31}},{"start":{"line":65,"column":35},"end":{"line":65,"column":48}}],"line":65},"11":{"loc":{"start":{"line":66,"column":14},"end":{"line":66,"column":36}},"type":"binary-expr","locations":[{"start":{"line":66,"column":14},"end":{"line":66,"column":23}},{"start":{"line":66,"column":27},"end":{"line":66,"column":36}}],"line":66},"12":{"loc":{"start":{"line":74,"column":4},"end":{"line":76,"column":5}},"type":"if","locations":[{"start":{"line":74,"column":4},"end":{"line":76,"column":5}},{"start":{"line":74,"column":4},"end":{"line":76,"column":5}}],"line":74},"13":{"loc":{"start":{"line":81,"column":18},"end":{"line":81,"column":75}},"type":"cond-expr","locations":[{"start":{"line":81,"column":47},"end":{"line":81,"column":51}},{"start":{"line":81,"column":54},"end":{"line":81,"column":75}}],"line":81},"14":{"loc":{"start":{"line":82,"column":15},"end":{"line":82,"column":39}},"type":"binary-expr","locations":[{"start":{"line":82,"column":15},"end":{"line":82,"column":33}},{"start":{"line":82,"column":37},"end":{"line":82,"column":39}}],"line":82},"15":{"loc":{"start":{"line":96,"column":4},"end":{"line":100,"column":5}},"type":"if","locations":[{"start":{"line":96,"column":4},"end":{"line":100,"column":5}},{"start":{"line":96,"column":4},"end":{"line":100,"column":5}}],"line":96}},"s":{"0":1,"1":1,"2":1,"3":1,"4":1,"5":0,"6":1,"7":1,"8":2,"9":2,"10":1,"11":1,"12":1,"13":1,"14":1,"15":1,"16":0,"17":1,"18":1,"19":0,"20":0,"21":0,"22":0,"23":1,"24":1,"25":1,"26":1,"27":0,"28":1,"29":1,"30":3,"31":3,"32":0,"33":3,"34":3,"35":3,"36":3,"37":3,"38":3,"39":3,"40":3,"41":1,"42":2,"43":2,"44":0,"45":2,"46":2,"47":2,"48":2,"49":2,"50":1,"51":1,"52":1,"53":1,"54":1,"55":1,"56":1,"57":1},"f":{"0":1,"1":2,"2":1,"3":0,"4":1,"5":3,"6":2,"7":1},"b":{"0":[0,1],"1":[1,1],"2":[1,1],"3":[0,1],"4":[0,0],"5":[0,1],"6":[0,3],"7":[3,0],"8":[3,1],"9":[3,1],"10":[3,1],"11":[3,3],"12":[0,2],"13":[0,2],"14":[2,2],"15":[1,0]},"_coverageSchema":"1a1c01bbd47fc00a2c39e90264f33305004495a9","hash":"9e88c9fa113d0d1d20a51a0028919bd08815756a","contentHash":"9197ddc5d9da37403776df5f6d18e6d74bc63dafdd3379d396e8f37b5b1d9e0f"},"C:\\Users\\Gebruiker\\Documents\\github\\api\\models\\taskItemModel.js":{"path":"C:\\Users\\Gebruiker\\Documents\\github\\api\\models\\taskItemModel.js","statementMap":{"0":{"start":{"line":1,"column":17},"end":{"line":1,"column":36}},"1":{"start":{"line":3,"column":15},"end":{"line":3,"column":30}},"2":{"start":{"line":5,"column":23},"end":{"line":38,"column":2}},"3":{"start":{"line":40,"column":22},"end":{"line":40,"column":64}},"4":{"start":{"line":42,"column":0},"end":{"line":42,"column":31}}},"fnMap":{},"branchMap":{},"s":{"0":1,"1":1,"2":1,"3":1,"4":1},"f":{},"b":{},"_coverageSchema":"1a1c01bbd47fc00a2c39e90264f33305004495a9","hash":"3f2e8e9a0fe8bbc8b3c4b180cff096bf99a3cb8b","contentHash":"a148688531066338ea72b745d0f58b48bddbc23cc033141bbc502492edb02261"},"C:\\Users\\Gebruiker\\Documents\\github\\api\\controllers\\upload.js":{"path":"C:\\Users\\Gebruiker\\Documents\\github\\api\\controllers\\upload.js","statementMap":{"0":{"start":{"line":1,"column":13},"end":{"line":1,"column":28}},"1":{"start":{"line":2,"column":9},"end":{"line":2,"column":22}},"2":{"start":{"line":3,"column":13},"end":{"line":3,"column":28}},"3":{"start":{"line":4,"column":13},"end":{"line":4,"column":28}},"4":{"start":{"line":5,"column":15},"end":{"line":5,"column":53}},"5":{"start":{"line":7,"column":23},"end":{"line":23,"column":1}},"6":{"start":{"line":8,"column":4},"end":{"line":22,"column":5}},"7":{"start":{"line":9,"column":8},"end":{"line":9,"column":37}},"8":{"start":{"line":10,"column":8},"end":{"line":10,"column":25}},"9":{"start":{"line":12,"column":8},"end":{"line":14,"column":9}},"10":{"start":{"line":13,"column":12},"end":{"line":13,"column":46}},"11":{"start":{"line":15,"column":8},"end":{"line":15,"column":15}},"12":{"start":{"line":17,"column":8},"end":{"line":17,"column":27}},"13":{"start":{"line":18,"column":8},"end":{"line":20,"column":9}},"14":{"start":{"line":19,"column":12},"end":{"line":19,"column":57}},"15":{"start":{"line":21,"column":8},"end":{"line":21,"column":73}},"16":{"start":{"line":25,"column":0},"end":{"line":27,"column":2}}},"fnMap":{"0":{"name":"(anonymous_0)","decl":{"start":{"line":7,"column":23},"end":{"line":7,"column":24}},"loc":{"start":{"line":7,"column":49},"end":{"line":23,"column":1}},"line":7}},"branchMap":{"0":{"loc":{"start":{"line":12,"column":8},"end":{"line":14,"column":9}},"type":"if","locations":[{"start":{"line":12,"column":8},"end":{"line":14,"column":9}},{"start":{"line":12,"column":8},"end":{"line":14,"column":9}}],"line":12},"1":{"loc":{"start":{"line":18,"column":8},"end":{"line":20,"column":9}},"type":"if","locations":[{"start":{"line":18,"column":8},"end":{"line":20,"column":9}},{"start":{"line":18,"column":8},"end":{"line":20,"column":9}}],"line":18}},"s":{"0":1,"1":1,"2":1,"3":1,"4":1,"5":1,"6":4,"7":4,"8":0,"9":0,"10":0,"11":0,"12":0,"13":0,"14":0,"15":0,"16":1},"f":{"0":4},"b":{"0":[0,0],"1":[0,0]},"_coverageSchema":"1a1c01bbd47fc00a2c39e90264f33305004495a9","hash":"23fd9472fd1e291b20e3892ee1580d25d5cd24f8","contentHash":"6297f483fdae89a797c0a8f8271059aacca5e44037a4e5d7bf9f9ef7acfd0b24"},"C:\\Users\\Gebruiker\\Documents\\github\\api\\routes\\middleware\\upload.js":{"path":"C:\\Users\\Gebruiker\\Documents\\github\\api\\routes\\middleware\\upload.js","statementMap":{"0":{"start":{"line":1,"column":13},"end":{"line":1,"column":28}},"1":{"start":{"line":2,"column":13},"end":{"line":2,"column":28}},"2":{"start":{"line":3,"column":15},"end":{"line":3,"column":32}},"3":{"start":{"line":5,"column":14},"end":{"line":18,"column":2}},"4":{"start":{"line":8,"column":8},"end":{"line":8,"column":41}},"5":{"start":{"line":11,"column":8},"end":{"line":14,"column":9}},"6":{"start":{"line":12,"column":26},"end":{"line":12,"column":127}},"7":{"start":{"line":13,"column":12},"end":{"line":13,"column":43}},"8":{"start":{"line":15,"column":23},"end":{"line":15,"column":63}},"9":{"start":{"line":16,"column":8},"end":{"line":16,"column":33}},"10":{"start":{"line":20,"column":18},"end":{"line":20,"column":71}},"11":{"start":{"line":21,"column":28},"end":{"line":21,"column":55}},"12":{"start":{"line":23,"column":0},"end":{"line":23,"column":38}}},"fnMap":{"0":{"name":"(anonymous_0)","decl":{"start":{"line":7,"column":17},"end":{"line":7,"column":18}},"loc":{"start":{"line":7,"column":42},"end":{"line":9,"column":5}},"line":7},"1":{"name":"(anonymous_1)","decl":{"start":{"line":10,"column":14},"end":{"line":10,"column":15}},"loc":{"start":{"line":10,"column":39},"end":{"line":17,"column":5}},"line":10}},"branchMap":{"0":{"loc":{"start":{"line":11,"column":8},"end":{"line":14,"column":9}},"type":"if","locations":[{"start":{"line":11,"column":8},"end":{"line":14,"column":9}},{"start":{"line":11,"column":8},"end":{"line":14,"column":9}}],"line":11}},"s":{"0":1,"1":1,"2":1,"3":1,"4":0,"5":0,"6":0,"7":0,"8":0,"9":0,"10":1,"11":1,"12":1},"f":{"0":0,"1":0},"b":{"0":[0,0]},"_coverageSchema":"1a1c01bbd47fc00a2c39e90264f33305004495a9","hash":"63c3ef761fb5720740a28db4a5d78cf9b3719b19","contentHash":"d96bb0cafc576f0c865575e29840cbf11091fff742f51e4662eba86c3e8a14d4"},"C:\\Users\\Gebruiker\\Documents\\github\\api\\controllers\\uploadIcon.js":{"path":"C:\\Users\\Gebruiker\\Documents\\github\\api\\controllers\\uploadIcon.js","statementMap":{"0":{"start":{"line":1,"column":13},"end":{"line":1,"column":28}},"1":{"start":{"line":2,"column":9},"end":{"line":2,"column":22}},"2":{"start":{"line":3,"column":13},"end":{"line":3,"column":28}},"3":{"start":{"line":4,"column":13},"end":{"line":4,"column":28}},"4":{"start":{"line":5,"column":15},"end":{"line":5,"column":57}},"5":{"start":{"line":7,"column":21},"end":{"line":18,"column":1}},"6":{"start":{"line":8,"column":4},"end":{"line":17,"column":5}},"7":{"start":{"line":9,"column":8},"end":{"line":9,"column":37}},"8":{"start":{"line":10,"column":8},"end":{"line":12,"column":9}},"9":{"start":{"line":11,"column":12},"end":{"line":11,"column":46}},"10":{"start":{"line":13,"column":8},"end":{"line":13,"column":15}},"11":{"start":{"line":15,"column":8},"end":{"line":15,"column":25}},"12":{"start":{"line":16,"column":8},"end":{"line":16,"column":69}},"13":{"start":{"line":20,"column":0},"end":{"line":22,"column":2}}},"fnMap":{"0":{"name":"(anonymous_0)","decl":{"start":{"line":7,"column":21},"end":{"line":7,"column":22}},"loc":{"start":{"line":7,"column":47},"end":{"line":18,"column":1}},"line":7}},"branchMap":{"0":{"loc":{"start":{"line":10,"column":8},"end":{"line":12,"column":9}},"type":"if","locations":[{"start":{"line":10,"column":8},"end":{"line":12,"column":9}},{"start":{"line":10,"column":8},"end":{"line":12,"column":9}}],"line":10}},"s":{"0":1,"1":1,"2":1,"3":1,"4":1,"5":1,"6":0,"7":0,"8":0,"9":0,"10":0,"11":0,"12":0,"13":1},"f":{"0":0},"b":{"0":[0,0]},"_coverageSchema":"1a1c01bbd47fc00a2c39e90264f33305004495a9","hash":"5cbd4280e2a6cc2b23b8f4d18e9bf04f3d40389c","contentHash":"59094d6556528dfa36da6a531ecbb3a4f25b12b220db3b4bef0f31ddcdede250"},"C:\\Users\\Gebruiker\\Documents\\github\\api\\routes\\middleware\\uploadIcon.js":{"path":"C:\\Users\\Gebruiker\\Documents\\github\\api\\routes\\middleware\\uploadIcon.js","statementMap":{"0":{"start":{"line":1,"column":13},"end":{"line":1,"column":28}},"1":{"start":{"line":2,"column":13},"end":{"line":2,"column":28}},"2":{"start":{"line":3,"column":15},"end":{"line":3,"column":32}},"3":{"start":{"line":5,"column":14},"end":{"line":18,"column":2}},"4":{"start":{"line":8,"column":8},"end":{"line":8,"column":41}},"5":{"start":{"line":11,"column":8},"end":{"line":14,"column":9}},"6":{"start":{"line":12,"column":26},"end":{"line":12,"column":90}},"7":{"start":{"line":13,"column":12},"end":{"line":13,"column":43}},"8":{"start":{"line":15,"column":23},"end":{"line":15,"column":63}},"9":{"start":{"line":16,"column":8},"end":{"line":16,"column":33}},"10":{"start":{"line":20,"column":17},"end":{"line":20,"column":64}},"11":{"start":{"line":21,"column":27},"end":{"line":21,"column":53}},"12":{"start":{"line":23,"column":0},"end":{"line":23,"column":37}}},"fnMap":{"0":{"name":"(anonymous_0)","decl":{"start":{"line":7,"column":17},"end":{"line":7,"column":18}},"loc":{"start":{"line":7,"column":42},"end":{"line":9,"column":5}},"line":7},"1":{"name":"(anonymous_1)","decl":{"start":{"line":10,"column":14},"end":{"line":10,"column":15}},"loc":{"start":{"line":10,"column":39},"end":{"line":17,"column":5}},"line":10}},"branchMap":{"0":{"loc":{"start":{"line":11,"column":8},"end":{"line":14,"column":9}},"type":"if","locations":[{"start":{"line":11,"column":8},"end":{"line":14,"column":9}},{"start":{"line":11,"column":8},"end":{"line":14,"column":9}}],"line":11}},"s":{"0":1,"1":1,"2":1,"3":1,"4":0,"5":0,"6":0,"7":0,"8":0,"9":0,"10":1,"11":1,"12":1},"f":{"0":0,"1":0},"b":{"0":[0,0]},"_coverageSchema":"1a1c01bbd47fc00a2c39e90264f33305004495a9","hash":"a7225c0c5d64a6dc49543afec133d2be835ec26d","contentHash":"4c8103d35c664bfc1eb2b2ec3aad5203f27068cd7ef35e884bf2143b58dde53f"}}